[debug] [2021-10-03T05:32:25.565Z] ----------------------------------------------------------------------
[debug] [2021-10-03T05:32:25.566Z] Command:       /Users/limon4ikas/.nvm/versions/node/v14.18.0/bin/node /usr/local/bin/firebase emulators:start
[debug] [2021-10-03T05:32:25.566Z] CLI Version:   9.16.3
[debug] [2021-10-03T05:32:25.566Z] Platform:      darwin
[debug] [2021-10-03T05:32:25.566Z] Node Version:  v14.18.0
[debug] [2021-10-03T05:32:25.567Z] Time:          Sun Oct 03 2021 08:32:25 GMT+0300 (Moscow Standard Time)
[debug] [2021-10-03T05:32:25.567Z] ----------------------------------------------------------------------
[debug] 
[debug] [2021-10-03T05:32:25.590Z] > command requires scopes: ["email","openid","https://www.googleapis.com/auth/cloudplatformprojects.readonly","https://www.googleapis.com/auth/firebase","https://www.googleapis.com/auth/cloud-platform"]
[debug] [2021-10-03T05:32:25.590Z] > authorizing via signed-in user (limon4ikas@gmail.com)
[info] i  emulators: Starting emulators: auth, functions, firestore {"metadata":{"emulator":{"name":"hub"},"message":"Starting emulators: auth, functions, firestore"}}
[debug] [2021-10-03T05:32:25.598Z] [hub] writing locator at /var/folders/sk/jmy9lw2n2q18r4q2jhsjm6840000gn/T/hub-hermes-4224e.json
[warn] ⚠  functions: The following emulators are not running, calls to these services from the Functions emulator will affect production: database, hosting, pubsub, storage {"metadata":{"emulator":{"name":"functions"},"message":"The following emulators are not running, calls to these services from the Functions emulator will affect production: \u001b[1mdatabase, hosting, pubsub, storage\u001b[22m"}}
[info] ✔  functions: Using node@14 from host. {"metadata":{"emulator":{"name":"functions"},"message":"Using node@14 from host."}}
[debug] [2021-10-03T05:32:25.615Z] defaultcredentials: writing to file /Users/limon4ikas/.config/firebase/limon4ikas_gmail_com_application_default_credentials.json
[debug] [2021-10-03T05:32:25.616Z] Setting GAC to /Users/limon4ikas/.config/firebase/limon4ikas_gmail_com_application_default_credentials.json {"metadata":{"emulator":{"name":"functions"},"message":"Setting GAC to /Users/limon4ikas/.config/firebase/limon4ikas_gmail_com_application_default_credentials.json"}}
[debug] [2021-10-03T05:32:25.617Z] >>> [apiv2][query] GET https://firebase.googleapis.com/v1beta1/projects/hermes-4224e/adminSdkConfig [none]
[debug] [2021-10-03T05:32:25.846Z] <<< [apiv2][status] GET https://firebase.googleapis.com/v1beta1/projects/hermes-4224e/adminSdkConfig 200
[debug] [2021-10-03T05:32:25.846Z] <<< [apiv2][body] GET https://firebase.googleapis.com/v1beta1/projects/hermes-4224e/adminSdkConfig {"projectId":"hermes-4224e","storageBucket":"hermes-4224e.appspot.com","locationId":"europe-west"}
[warn] ⚠  firestore: Did not find a Cloud Firestore rules file specified in a firebase.json config file. {"metadata":{"emulator":{"name":"firestore"},"message":"Did not find a Cloud Firestore rules file specified in a firebase.json config file."}}
[warn] ⚠  firestore: The emulator will default to allowing all reads and writes. Learn more about this option: https://firebase.google.com/docs/emulator-suite/install_and_configure#security_rules_configuration. {"metadata":{"emulator":{"name":"firestore"},"message":"The emulator will default to allowing all reads and writes. Learn more about this option: https://firebase.google.com/docs/emulator-suite/install_and_configure#security_rules_configuration."}}
[debug] [2021-10-03T05:32:25.875Z] Ignoring unsupported arg: projectId {"metadata":{"emulator":{"name":"firestore"},"message":"Ignoring unsupported arg: projectId"}}
[debug] [2021-10-03T05:32:25.875Z] Ignoring unsupported arg: auto_download {"metadata":{"emulator":{"name":"firestore"},"message":"Ignoring unsupported arg: auto_download"}}
[debug] [2021-10-03T05:32:25.876Z] Starting Firestore Emulator with command {"binary":"java","args":["-Dgoogle.cloud_firestore.debug_log_level=FINE","-Duser.language=en","-jar","/Users/limon4ikas/.cache/firebase/emulators/cloud-firestore-emulator-v1.13.1.jar","--host","localhost","--port",8080,"--functions_emulator","localhost:5001"],"optionalArgs":["port","webchannel_port","host","rules","functions_emulator","seed_from_export"],"joinArgs":false} {"metadata":{"emulator":{"name":"firestore"},"message":"Starting Firestore Emulator with command {\"binary\":\"java\",\"args\":[\"-Dgoogle.cloud_firestore.debug_log_level=FINE\",\"-Duser.language=en\",\"-jar\",\"/Users/limon4ikas/.cache/firebase/emulators/cloud-firestore-emulator-v1.13.1.jar\",\"--host\",\"localhost\",\"--port\",8080,\"--functions_emulator\",\"localhost:5001\"],\"optionalArgs\":[\"port\",\"webchannel_port\",\"host\",\"rules\",\"functions_emulator\",\"seed_from_export\"],\"joinArgs\":false}"}}
[info] i  firestore: Firestore Emulator logging to firestore-debug.log {"metadata":{"emulator":{"name":"firestore"},"message":"Firestore Emulator logging to \u001b[1mfirestore-debug.log\u001b[22m"}}
[debug] [2021-10-03T05:32:32.004Z] Oct 03, 2021 8:32:31 AM com.google.cloud.datastore.emulator.firestore.websocket.WebSocketServer start
INFO: Started WebSocket server on ws://localhost:55145
 {"metadata":{"emulator":{"name":"firestore"},"message":"Oct 03, 2021 8:32:31 AM com.google.cloud.datastore.emulator.firestore.websocket.WebSocketServer start\nINFO: Started WebSocket server on ws://localhost:55145\n"}}
[debug] [2021-10-03T05:32:32.085Z] API endpoint: http:// {"metadata":{"emulator":{"name":"firestore"},"message":"API endpoint: http://"}}
[debug] [2021-10-03T05:32:32.085Z] localhost:8080
If you are using a library that supports the FIRESTORE_EMULATOR_HOST environment variable, run:
 {"metadata":{"emulator":{"name":"firestore"},"message":"localhost:8080\nIf you are using a library that supports the FIRESTORE_EMULATOR_HOST environment variable, run:\n"}}
[debug] [2021-10-03T05:32:32.085Z] 
   export FIRESTORE_EMULATOR_HOST=localhost {"metadata":{"emulator":{"name":"firestore"},"message":"\n   export FIRESTORE_EMULATOR_HOST=localhost"}}
[debug] [2021-10-03T05:32:32.085Z] :8080

Dev App Server is now running.

 {"metadata":{"emulator":{"name":"firestore"},"message":":8080\n\nDev App Server is now running.\n\n"}}
[debug] [2021-10-03T05:32:33.430Z] Ignoring unsupported arg: auto_download {"metadata":{"emulator":{"name":"ui"},"message":"Ignoring unsupported arg: auto_download"}}
[debug] [2021-10-03T05:32:33.430Z] Ignoring unsupported arg: port {"metadata":{"emulator":{"name":"ui"},"message":"Ignoring unsupported arg: port"}}
[debug] [2021-10-03T05:32:33.431Z] Starting Emulator UI with command {"binary":"node","args":["/Users/limon4ikas/.cache/firebase/emulators/ui-v1.6.2/server.bundle.js"],"optionalArgs":[],"joinArgs":false} {"metadata":{"emulator":{"name":"ui"},"message":"Starting Emulator UI with command {\"binary\":\"node\",\"args\":[\"/Users/limon4ikas/.cache/firebase/emulators/ui-v1.6.2/server.bundle.js\"],\"optionalArgs\":[],\"joinArgs\":false}"}}
[info] i  ui: Emulator UI logging to ui-debug.log {"metadata":{"emulator":{"name":"ui"},"message":"Emulator UI logging to \u001b[1mui-debug.log\u001b[22m"}}
[debug] [2021-10-03T05:32:33.517Z] Web / API server started at localhost:4000
 {"metadata":{"emulator":{"name":"ui"},"message":"Web / API server started at localhost:4000\n"}}
[info] i  functions: Watching "/Users/limon4ikas/DEV/hermes-next/functions" for Cloud Functions... {"metadata":{"emulator":{"name":"functions"},"message":"Watching \"/Users/limon4ikas/DEV/hermes-next/functions\" for Cloud Functions..."}}
[debug] [2021-10-03T05:32:33.714Z] [worker-pool] addWorker(~diagnostic~) {"metadata":{"emulator":{"name":"functions"},"message":"[worker-pool] addWorker(~diagnostic~)"}}
[debug] [2021-10-03T05:32:33.715Z] [worker-pool] Adding worker with key ~diagnostic~, total=1 {"metadata":{"emulator":{"name":"functions"},"message":"[worker-pool] Adding worker with key ~diagnostic~, total=1"}}
[debug] [2021-10-03T05:32:33.715Z] [worker-pool] submitWork(triggerId=) {"metadata":{"emulator":{"name":"functions"},"message":"[worker-pool] submitWork(triggerId=)"}}
[debug] [2021-10-03T05:32:33.715Z] [worker-~diagnostic~-51e91a06-3ce9-4345-a106-e6faca500a4b]: Assigning socketPath: /var/folders/sk/jmy9lw2n2q18r4q2jhsjm6840000gn/T/fire_emu_52952.sock {"metadata":{"emulator":{"name":"functions"},"message":"[worker-~diagnostic~-51e91a06-3ce9-4345-a106-e6faca500a4b]: Assigning socketPath: /var/folders/sk/jmy9lw2n2q18r4q2jhsjm6840000gn/T/fire_emu_52952.sock"}}
[debug] [2021-10-03T05:32:33.716Z] [worker-~diagnostic~-51e91a06-3ce9-4345-a106-e6faca500a4b]: BUSY {"metadata":{"emulator":{"name":"functions"},"message":"[worker-~diagnostic~-51e91a06-3ce9-4345-a106-e6faca500a4b]: BUSY"}}
[debug] [2021-10-03T05:32:33.843Z] [runtime-status] [52952] Functions runtime initialized. {"cwd":"/Users/limon4ikas/DEV/hermes-next/functions","node_version":"14.18.0"} {"metadata":{"emulator":{"name":"functions"},"message":"[runtime-status] [52952] Functions runtime initialized. {\"cwd\":\"/Users/limon4ikas/DEV/hermes-next/functions\",\"node_version\":\"14.18.0\"}"}}
[debug] [2021-10-03T05:32:33.844Z] [runtime-status] [52952] Disabled runtime features: undefined {"metadata":{"emulator":{"name":"functions"},"message":"[runtime-status] [52952] Disabled runtime features: undefined"}}
[debug] [2021-10-03T05:32:33.844Z] [runtime-status] [52952] Resolved module firebase-admin {"declared":true,"installed":true,"version":"9.12.0","resolution":"/Users/limon4ikas/DEV/hermes-next/functions/node_modules/firebase-admin/lib/index.js"} {"metadata":{"emulator":{"name":"functions"},"message":"[runtime-status] [52952] Resolved module firebase-admin {\"declared\":true,\"installed\":true,\"version\":\"9.12.0\",\"resolution\":\"/Users/limon4ikas/DEV/hermes-next/functions/node_modules/firebase-admin/lib/index.js\"}"}}
[debug] [2021-10-03T05:32:33.845Z] [runtime-status] [52952] Resolved module firebase-functions {"declared":true,"installed":true,"version":"3.15.7","resolution":"/Users/limon4ikas/DEV/hermes-next/functions/node_modules/firebase-functions/lib/index.js"} {"metadata":{"emulator":{"name":"functions"},"message":"[runtime-status] [52952] Resolved module firebase-functions {\"declared\":true,\"installed\":true,\"version\":\"3.15.7\",\"resolution\":\"/Users/limon4ikas/DEV/hermes-next/functions/node_modules/firebase-functions/lib/index.js\"}"}}
[debug] [2021-10-03T05:32:33.846Z] [runtime-status] [52952] Found local functions config: /Users/limon4ikas/DEV/hermes-next/functions/.runtimeconfig.json {"metadata":{"emulator":{"name":"functions"},"message":"[runtime-status] [52952] Found local functions config: /Users/limon4ikas/DEV/hermes-next/functions/.runtimeconfig.json"}}
[debug] [2021-10-03T05:32:33.846Z] [runtime-status] [52952] Resolved module firebase-functions {"declared":true,"installed":true,"version":"3.15.7","resolution":"/Users/limon4ikas/DEV/hermes-next/functions/node_modules/firebase-functions/lib/index.js"} {"metadata":{"emulator":{"name":"functions"},"message":"[runtime-status] [52952] Resolved module firebase-functions {\"declared\":true,\"installed\":true,\"version\":\"3.15.7\",\"resolution\":\"/Users/limon4ikas/DEV/hermes-next/functions/node_modules/firebase-functions/lib/index.js\"}"}}
[debug] [2021-10-03T05:32:33.847Z] [runtime-status] [52952] Outgoing network have been stubbed. [{"name":"http","status":"mocked"},{"name":"http","status":"mocked"},{"name":"https","status":"mocked"},{"name":"https","status":"mocked"},{"name":"net","status":"mocked"}] {"metadata":{"emulator":{"name":"functions"},"message":"[runtime-status] [52952] Outgoing network have been stubbed. [{\"name\":\"http\",\"status\":\"mocked\"},{\"name\":\"http\",\"status\":\"mocked\"},{\"name\":\"https\",\"status\":\"mocked\"},{\"name\":\"https\",\"status\":\"mocked\"},{\"name\":\"net\",\"status\":\"mocked\"}]"}}
[debug] [2021-10-03T05:32:33.847Z] [runtime-status] [52952] Resolved module firebase-functions {"declared":true,"installed":true,"version":"3.15.7","resolution":"/Users/limon4ikas/DEV/hermes-next/functions/node_modules/firebase-functions/lib/index.js"} {"metadata":{"emulator":{"name":"functions"},"message":"[runtime-status] [52952] Resolved module firebase-functions {\"declared\":true,\"installed\":true,\"version\":\"3.15.7\",\"resolution\":\"/Users/limon4ikas/DEV/hermes-next/functions/node_modules/firebase-functions/lib/index.js\"}"}}
[debug] [2021-10-03T05:32:33.859Z] [runtime-status] [52952] Checked functions.config() {"config":{"strava":{"client_id":"60657","client_secret":"50c1a73df5c6b619b48619e8eadb69404ee520db"}}} {"metadata":{"emulator":{"name":"functions"},"message":"[runtime-status] [52952] Checked functions.config() {\"config\":{\"strava\":{\"client_id\":\"60657\",\"client_secret\":\"50c1a73df5c6b619b48619e8eadb69404ee520db\"}}}"}}
[debug] [2021-10-03T05:32:33.859Z] [runtime-status] [52952] firebase-functions has been stubbed. {"functionsResolution":{"declared":true,"installed":true,"version":"3.15.7","resolution":"/Users/limon4ikas/DEV/hermes-next/functions/node_modules/firebase-functions/lib/index.js"}} {"metadata":{"emulator":{"name":"functions"},"message":"[runtime-status] [52952] firebase-functions has been stubbed. {\"functionsResolution\":{\"declared\":true,\"installed\":true,\"version\":\"3.15.7\",\"resolution\":\"/Users/limon4ikas/DEV/hermes-next/functions/node_modules/firebase-functions/lib/index.js\"}}"}}
[debug] [2021-10-03T05:32:33.860Z] [runtime-status] [52952] Resolved module firebase-functions {"declared":true,"installed":true,"version":"3.15.7","resolution":"/Users/limon4ikas/DEV/hermes-next/functions/node_modules/firebase-functions/lib/index.js"} {"metadata":{"emulator":{"name":"functions"},"message":"[runtime-status] [52952] Resolved module firebase-functions {\"declared\":true,\"installed\":true,\"version\":\"3.15.7\",\"resolution\":\"/Users/limon4ikas/DEV/hermes-next/functions/node_modules/firebase-functions/lib/index.js\"}"}}
[debug] [2021-10-03T05:32:33.860Z] [runtime-status] [52952] Resolved module firebase-admin {"declared":true,"installed":true,"version":"9.12.0","resolution":"/Users/limon4ikas/DEV/hermes-next/functions/node_modules/firebase-admin/lib/index.js"} {"metadata":{"emulator":{"name":"functions"},"message":"[runtime-status] [52952] Resolved module firebase-admin {\"declared\":true,\"installed\":true,\"version\":\"9.12.0\",\"resolution\":\"/Users/limon4ikas/DEV/hermes-next/functions/node_modules/firebase-admin/lib/index.js\"}"}}
[debug] [2021-10-03T05:32:33.860Z] [runtime-status] [52952] Resolved module firebase-functions {"declared":true,"installed":true,"version":"3.15.7","resolution":"/Users/limon4ikas/DEV/hermes-next/functions/node_modules/firebase-functions/lib/index.js"} {"metadata":{"emulator":{"name":"functions"},"message":"[runtime-status] [52952] Resolved module firebase-functions {\"declared\":true,\"installed\":true,\"version\":\"3.15.7\",\"resolution\":\"/Users/limon4ikas/DEV/hermes-next/functions/node_modules/firebase-functions/lib/index.js\"}"}}
[debug] [2021-10-03T05:32:33.860Z] [runtime-status] [52952] firebase-admin has been stubbed. {"adminResolution":{"declared":true,"installed":true,"version":"9.12.0","resolution":"/Users/limon4ikas/DEV/hermes-next/functions/node_modules/firebase-admin/lib/index.js"}} {"metadata":{"emulator":{"name":"functions"},"message":"[runtime-status] [52952] firebase-admin has been stubbed. {\"adminResolution\":{\"declared\":true,\"installed\":true,\"version\":\"9.12.0\",\"resolution\":\"/Users/limon4ikas/DEV/hermes-next/functions/node_modules/firebase-admin/lib/index.js\"}}"}}
[debug] [2021-10-03T05:32:33.861Z] [runtime-status] [52952] initializeApp(DEFAULT) {"storageBucket":"hermes-4224e.appspot.com","projectId":"hermes-4224e"} {"metadata":{"emulator":{"name":"functions"},"message":"[runtime-status] [52952] initializeApp(DEFAULT) {\"storageBucket\":\"hermes-4224e.appspot.com\",\"projectId\":\"hermes-4224e\"}"}}
[debug] [2021-10-03T05:32:33.888Z] [worker-~diagnostic~-51e91a06-3ce9-4345-a106-e6faca500a4b]: IDLE {"metadata":{"emulator":{"name":"functions"},"message":"[worker-~diagnostic~-51e91a06-3ce9-4345-a106-e6faca500a4b]: IDLE"}}
[debug] [2021-10-03T05:32:33.888Z] addAuthTrigger {"eventTrigger":{"resource":"projects/hermes-4224e","eventType":"providers/firebase.auth/eventTypes/user.create","service":"firebaseauth.googleapis.com"}}
[info] ✔  functions[europe-west1-onUserSignUp]: auth function initialized. {"metadata":{"emulator":{"name":"functions"},"message":"\u001b[1mauth\u001b[22m function initialized."}}
[debug] [2021-10-03T05:32:33.888Z] addAuthTrigger {"eventTrigger":{"resource":"projects/hermes-4224e","eventType":"providers/firebase.auth/eventTypes/user.delete","service":"firebaseauth.googleapis.com"}}
[info] ✔  functions[europe-west1-onUserDelete]: auth function initialized. {"metadata":{"emulator":{"name":"functions"},"message":"\u001b[1mauth\u001b[22m function initialized."}}
[info] ✔  functions[europe-west1-stravaWebhook]: http function initialized (http://localhost:5001/hermes-4224e/europe-west1/stravaWebhook). {"metadata":{"emulator":{"name":"functions"},"message":"\u001b[1mhttp\u001b[22m function initialized (http://localhost:5001/hermes-4224e/europe-west1/stravaWebhook)."}}
[info] ✔  functions[europe-west1-stravaTokens]: http function initialized (http://localhost:5001/hermes-4224e/europe-west1/stravaTokens). {"metadata":{"emulator":{"name":"functions"},"message":"\u001b[1mhttp\u001b[22m function initialized (http://localhost:5001/hermes-4224e/europe-west1/stravaTokens)."}}
[info] 
┌─────────────────────────────────────────────────────────────┐
│ ✔  All emulators ready! It is now safe to connect your app. │
│ i  View Emulator UI at http://localhost:4000                │
└─────────────────────────────────────────────────────────────┘

┌────────────────┬────────────────┬─────────────────────────────────┐
│ Emulator       │ Host:Port      │ View in Emulator UI             │
├────────────────┼────────────────┼─────────────────────────────────┤
│ Authentication │ localhost:9099 │ http://localhost:4000/auth      │
├────────────────┼────────────────┼─────────────────────────────────┤
│ Functions      │ localhost:5001 │ http://localhost:4000/functions │
├────────────────┼────────────────┼─────────────────────────────────┤
│ Firestore      │ localhost:8080 │ http://localhost:4000/firestore │
└────────────────┴────────────────┴─────────────────────────────────┘
  Emulator Hub running at localhost:4400
  Other reserved ports: 4500

Issues? Report them at https://github.com/firebase/firebase-tools/issues and attach the *-debug.log files.
 
[debug] [2021-10-03T05:33:26.003Z] Oct 03, 2021 8:33:26 AM io.gapi.emulators.netty.HttpVersionRoutingHandler channelRead
INFO: Detected non-HTTP/2 connection.
 {"metadata":{"emulator":{"name":"firestore"},"message":"Oct 03, 2021 8:33:26 AM io.gapi.emulators.netty.HttpVersionRoutingHandler channelRead\nINFO: Detected non-HTTP/2 connection.\n"}}
[debug] [2021-10-03T05:33:26.050Z] Oct 03, 2021 8:33:26 AM com.google.cloud.datastore.emulator.firestore.websocket.WebSocketChannelHandler initChannel
INFO: Connected to new websocket client
 {"metadata":{"emulator":{"name":"firestore"},"message":"Oct 03, 2021 8:33:26 AM com.google.cloud.datastore.emulator.firestore.websocket.WebSocketChannelHandler initChannel\nINFO: Connected to new websocket client\n"}}
[debug] [2021-10-03T05:33:30.009Z] Oct 03, 2021 8:33:29 AM io.gapi.emulators.netty.HttpVersionRoutingHandler channelRead
INFO: Detected non-HTTP/2 connection.
 {"metadata":{"emulator":{"name":"firestore"},"message":"Oct 03, 2021 8:33:29 AM io.gapi.emulators.netty.HttpVersionRoutingHandler channelRead\nINFO: Detected non-HTTP/2 connection.\n"}}
[debug] [2021-10-03T05:33:32.057Z] Oct 03, 2021 8:33:32 AM io.gapi.emulators.netty.HttpVersionRoutingHandler channelRead
INFO: Detected non-HTTP/2 connection.
 {"metadata":{"emulator":{"name":"firestore"},"message":"Oct 03, 2021 8:33:32 AM io.gapi.emulators.netty.HttpVersionRoutingHandler channelRead\nINFO: Detected non-HTTP/2 connection.\n"}}
[debug] [2021-10-03T05:33:40.945Z] Oct 03, 2021 8:33:40 AM io.gapi.emulators.netty.HttpVersionRoutingHandler channelRead
INFO: Detected non-HTTP/2 connection.
 {"metadata":{"emulator":{"name":"firestore"},"message":"Oct 03, 2021 8:33:40 AM io.gapi.emulators.netty.HttpVersionRoutingHandler channelRead\nINFO: Detected non-HTTP/2 connection.\n"}}
[debug] [2021-10-03T05:33:42.664Z] Oct 03, 2021 8:33:42 AM com.google.cloud.datastore.emulator.firestore.websocket.WebSocketChannelHandler channelClosed
INFO: Websocket client disconnected
 {"metadata":{"emulator":{"name":"firestore"},"message":"Oct 03, 2021 8:33:42 AM com.google.cloud.datastore.emulator.firestore.websocket.WebSocketChannelHandler channelClosed\nINFO: Websocket client disconnected\n"}}
[debug] [2021-10-03T05:33:42.712Z] Oct 03, 2021 8:33:42 AM io.gapi.emulators.netty.HttpVersionRoutingHandler channelRead
INFO: Detected non-HTTP/2 connection.
 {"metadata":{"emulator":{"name":"firestore"},"message":"Oct 03, 2021 8:33:42 AM io.gapi.emulators.netty.HttpVersionRoutingHandler channelRead\nINFO: Detected non-HTTP/2 connection.\n"}}
[debug] [2021-10-03T05:33:42.724Z] Oct 03, 2021 8:33:42 AM com.google.cloud.datastore.emulator.firestore.websocket.WebSocketChannelHandler initChannel
INFO: Connected to new websocket client
 {"metadata":{"emulator":{"name":"firestore"},"message":"Oct 03, 2021 8:33:42 AM com.google.cloud.datastore.emulator.firestore.websocket.WebSocketChannelHandler initChannel\nINFO: Connected to new websocket client\n"}}
[debug] [2021-10-03T05:33:49.569Z] >>> [apiv2][query] POST http://localhost:5001/functions/projects/hermes-4224e/trigger_multicast [none]
[debug] [2021-10-03T05:33:49.569Z] >>> [apiv2][body] POST http://localhost:5001/functions/projects/hermes-4224e/trigger_multicast {"eventId":"5e9e43da-8578-47c0-afec-cfa260039fd9","eventType":"providers/firebase.auth/eventTypes/user.create","resource":{"name":"projects/hermes-4224e","service":"firebaseauth.googleapis.com"},"params":{},"timestamp":"2021-10-03T05:33:49.568Z","data":{"uid":"ieVdekZOSxvuOZKkfzTDcG7wJMYJ","email":"panda.algae.290@example.com","emailVerified":true,"displayName":"Panda Algae","metadata":{"creationTime":"1633239229568","lastSignInTime":"1633239229568"},"customClaims":{},"providerData":[{"providerId":"google.com","rawId":"0693706352163598089791007085365520220887","federatedId":"0693706352163598089791007085365520220887","displayName":"Panda Algae","email":"panda.algae.290@example.com","screenName":"algae_panda"}]}}
[debug] [2021-10-03T05:33:49.577Z] [work-queue] {"queueLength":1,"workRunningCount":0}
[debug] [2021-10-03T05:33:49.578Z] [work-queue] {"queueLength":0,"workRunningCount":1}
[debug] [2021-10-03T05:33:49.579Z] Accepted multicast request POST /functions/projects/hermes-4224e/trigger_multicast --> europe-west1-onUserSignUp-0 {"metadata":{"emulator":{"name":"functions"},"message":"Accepted multicast request POST /functions/projects/hermes-4224e/trigger_multicast --> europe-west1-onUserSignUp-0"}}
[debug] [2021-10-03T05:33:49.586Z] [worker-pool] addWorker(europe-west1-onUserSignUp) {"metadata":{"emulator":{"name":"functions"},"message":"[worker-pool] addWorker(europe-west1-onUserSignUp)"}}
[debug] [2021-10-03T05:33:49.587Z] [worker-pool] Adding worker with key europe-west1-onUserSignUp, total=1 {"metadata":{"emulator":{"name":"functions"},"message":"[worker-pool] Adding worker with key europe-west1-onUserSignUp, total=1"}}
[debug] [2021-10-03T05:33:49.587Z] [worker-pool] submitWork(triggerId=europe-west1-onUserSignUp) {"metadata":{"emulator":{"name":"functions"},"message":"[worker-pool] submitWork(triggerId=europe-west1-onUserSignUp)"}}
[debug] [2021-10-03T05:33:49.587Z] [worker-europe-west1-onUserSignUp-0bdc0a00-4b37-487f-97c2-8fe1ca18d76c]: Assigning socketPath: /var/folders/sk/jmy9lw2n2q18r4q2jhsjm6840000gn/T/fire_emu_52980.sock {"metadata":{"emulator":{"name":"functions"},"message":"[worker-europe-west1-onUserSignUp-0bdc0a00-4b37-487f-97c2-8fe1ca18d76c]: Assigning socketPath: /var/folders/sk/jmy9lw2n2q18r4q2jhsjm6840000gn/T/fire_emu_52980.sock"}}
[debug] [2021-10-03T05:33:49.587Z] [worker-europe-west1-onUserSignUp-0bdc0a00-4b37-487f-97c2-8fe1ca18d76c]: BUSY {"metadata":{"emulator":{"name":"functions"},"message":"[worker-europe-west1-onUserSignUp-0bdc0a00-4b37-487f-97c2-8fe1ca18d76c]: BUSY"}}
[debug] [2021-10-03T05:33:49.594Z] <<< [apiv2][status] POST http://localhost:5001/functions/projects/hermes-4224e/trigger_multicast 200
[debug] [2021-10-03T05:33:49.594Z] <<< [apiv2][body] POST http://localhost:5001/functions/projects/hermes-4224e/trigger_multicast {"status":"multicast_acknowledged"}
[debug] [2021-10-03T05:33:49.731Z] [runtime-status] [52980] Functions runtime initialized. {"cwd":"/Users/limon4ikas/DEV/hermes-next/functions","node_version":"14.18.0"} {"metadata":{"emulator":{"name":"functions"},"function":{"name":"europe-west1-onUserSignUp"},"message":"[runtime-status] [52980] Functions runtime initialized. {\"cwd\":\"/Users/limon4ikas/DEV/hermes-next/functions\",\"node_version\":\"14.18.0\"}"}}
[debug] [2021-10-03T05:33:49.732Z] [runtime-status] [52980] Disabled runtime features: undefined {"metadata":{"emulator":{"name":"functions"},"function":{"name":"europe-west1-onUserSignUp"},"message":"[runtime-status] [52980] Disabled runtime features: undefined"}}
[debug] [2021-10-03T05:33:49.733Z] [runtime-status] [52980] Resolved module firebase-admin {"declared":true,"installed":true,"version":"9.12.0","resolution":"/Users/limon4ikas/DEV/hermes-next/functions/node_modules/firebase-admin/lib/index.js"} {"metadata":{"emulator":{"name":"functions"},"function":{"name":"europe-west1-onUserSignUp"},"message":"[runtime-status] [52980] Resolved module firebase-admin {\"declared\":true,\"installed\":true,\"version\":\"9.12.0\",\"resolution\":\"/Users/limon4ikas/DEV/hermes-next/functions/node_modules/firebase-admin/lib/index.js\"}"}}
[debug] [2021-10-03T05:33:49.735Z] [runtime-status] [52980] Resolved module firebase-functions {"declared":true,"installed":true,"version":"3.15.7","resolution":"/Users/limon4ikas/DEV/hermes-next/functions/node_modules/firebase-functions/lib/index.js"} {"metadata":{"emulator":{"name":"functions"},"function":{"name":"europe-west1-onUserSignUp"},"message":"[runtime-status] [52980] Resolved module firebase-functions {\"declared\":true,\"installed\":true,\"version\":\"3.15.7\",\"resolution\":\"/Users/limon4ikas/DEV/hermes-next/functions/node_modules/firebase-functions/lib/index.js\"}"}}
[debug] [2021-10-03T05:33:49.736Z] [runtime-status] [52980] Found local functions config: /Users/limon4ikas/DEV/hermes-next/functions/.runtimeconfig.json {"metadata":{"emulator":{"name":"functions"},"function":{"name":"europe-west1-onUserSignUp"},"message":"[runtime-status] [52980] Found local functions config: /Users/limon4ikas/DEV/hermes-next/functions/.runtimeconfig.json"}}
[debug] [2021-10-03T05:33:49.737Z] [runtime-status] [52980] Resolved module firebase-functions {"declared":true,"installed":true,"version":"3.15.7","resolution":"/Users/limon4ikas/DEV/hermes-next/functions/node_modules/firebase-functions/lib/index.js"} {"metadata":{"emulator":{"name":"functions"},"function":{"name":"europe-west1-onUserSignUp"},"message":"[runtime-status] [52980] Resolved module firebase-functions {\"declared\":true,\"installed\":true,\"version\":\"3.15.7\",\"resolution\":\"/Users/limon4ikas/DEV/hermes-next/functions/node_modules/firebase-functions/lib/index.js\"}"}}
[debug] [2021-10-03T05:33:49.739Z] [runtime-status] [52980] Outgoing network have been stubbed. [{"name":"http","status":"mocked"},{"name":"http","status":"mocked"},{"name":"https","status":"mocked"},{"name":"https","status":"mocked"},{"name":"net","status":"mocked"}] {"metadata":{"emulator":{"name":"functions"},"function":{"name":"europe-west1-onUserSignUp"},"message":"[runtime-status] [52980] Outgoing network have been stubbed. [{\"name\":\"http\",\"status\":\"mocked\"},{\"name\":\"http\",\"status\":\"mocked\"},{\"name\":\"https\",\"status\":\"mocked\"},{\"name\":\"https\",\"status\":\"mocked\"},{\"name\":\"net\",\"status\":\"mocked\"}]"}}
[debug] [2021-10-03T05:33:49.739Z] [runtime-status] [52980] Resolved module firebase-functions {"declared":true,"installed":true,"version":"3.15.7","resolution":"/Users/limon4ikas/DEV/hermes-next/functions/node_modules/firebase-functions/lib/index.js"} {"metadata":{"emulator":{"name":"functions"},"function":{"name":"europe-west1-onUserSignUp"},"message":"[runtime-status] [52980] Resolved module firebase-functions {\"declared\":true,\"installed\":true,\"version\":\"3.15.7\",\"resolution\":\"/Users/limon4ikas/DEV/hermes-next/functions/node_modules/firebase-functions/lib/index.js\"}"}}
[debug] [2021-10-03T05:33:49.755Z] [runtime-status] [52980] Checked functions.config() {"config":{"strava":{"client_id":"60657","client_secret":"50c1a73df5c6b619b48619e8eadb69404ee520db"}}} {"metadata":{"emulator":{"name":"functions"},"function":{"name":"europe-west1-onUserSignUp"},"message":"[runtime-status] [52980] Checked functions.config() {\"config\":{\"strava\":{\"client_id\":\"60657\",\"client_secret\":\"50c1a73df5c6b619b48619e8eadb69404ee520db\"}}}"}}
[debug] [2021-10-03T05:33:49.756Z] [runtime-status] [52980] firebase-functions has been stubbed. {"functionsResolution":{"declared":true,"installed":true,"version":"3.15.7","resolution":"/Users/limon4ikas/DEV/hermes-next/functions/node_modules/firebase-functions/lib/index.js"}} {"metadata":{"emulator":{"name":"functions"},"function":{"name":"europe-west1-onUserSignUp"},"message":"[runtime-status] [52980] firebase-functions has been stubbed. {\"functionsResolution\":{\"declared\":true,\"installed\":true,\"version\":\"3.15.7\",\"resolution\":\"/Users/limon4ikas/DEV/hermes-next/functions/node_modules/firebase-functions/lib/index.js\"}}"}}
[debug] [2021-10-03T05:33:49.756Z] [runtime-status] [52980] Resolved module firebase-functions {"declared":true,"installed":true,"version":"3.15.7","resolution":"/Users/limon4ikas/DEV/hermes-next/functions/node_modules/firebase-functions/lib/index.js"} {"metadata":{"emulator":{"name":"functions"},"function":{"name":"europe-west1-onUserSignUp"},"message":"[runtime-status] [52980] Resolved module firebase-functions {\"declared\":true,\"installed\":true,\"version\":\"3.15.7\",\"resolution\":\"/Users/limon4ikas/DEV/hermes-next/functions/node_modules/firebase-functions/lib/index.js\"}"}}
[debug] [2021-10-03T05:33:49.756Z] [runtime-status] [52980] Resolved module firebase-admin {"declared":true,"installed":true,"version":"9.12.0","resolution":"/Users/limon4ikas/DEV/hermes-next/functions/node_modules/firebase-admin/lib/index.js"} {"metadata":{"emulator":{"name":"functions"},"function":{"name":"europe-west1-onUserSignUp"},"message":"[runtime-status] [52980] Resolved module firebase-admin {\"declared\":true,\"installed\":true,\"version\":\"9.12.0\",\"resolution\":\"/Users/limon4ikas/DEV/hermes-next/functions/node_modules/firebase-admin/lib/index.js\"}"}}
[debug] [2021-10-03T05:33:49.756Z] [runtime-status] [52980] Resolved module firebase-functions {"declared":true,"installed":true,"version":"3.15.7","resolution":"/Users/limon4ikas/DEV/hermes-next/functions/node_modules/firebase-functions/lib/index.js"} {"metadata":{"emulator":{"name":"functions"},"function":{"name":"europe-west1-onUserSignUp"},"message":"[runtime-status] [52980] Resolved module firebase-functions {\"declared\":true,\"installed\":true,\"version\":\"3.15.7\",\"resolution\":\"/Users/limon4ikas/DEV/hermes-next/functions/node_modules/firebase-functions/lib/index.js\"}"}}
[debug] [2021-10-03T05:33:49.757Z] [runtime-status] [52980] firebase-admin has been stubbed. {"adminResolution":{"declared":true,"installed":true,"version":"9.12.0","resolution":"/Users/limon4ikas/DEV/hermes-next/functions/node_modules/firebase-admin/lib/index.js"}} {"metadata":{"emulator":{"name":"functions"},"function":{"name":"europe-west1-onUserSignUp"},"message":"[runtime-status] [52980] firebase-admin has been stubbed. {\"adminResolution\":{\"declared\":true,\"installed\":true,\"version\":\"9.12.0\",\"resolution\":\"/Users/limon4ikas/DEV/hermes-next/functions/node_modules/firebase-admin/lib/index.js\"}}"}}
[debug] [2021-10-03T05:33:49.757Z] [runtime-status] [52980] initializeApp(DEFAULT) {"storageBucket":"hermes-4224e.appspot.com","projectId":"hermes-4224e"} {"metadata":{"emulator":{"name":"functions"},"function":{"name":"europe-west1-onUserSignUp"},"message":"[runtime-status] [52980] initializeApp(DEFAULT) {\"storageBucket\":\"hermes-4224e.appspot.com\",\"projectId\":\"hermes-4224e\"}"}}
[debug] [2021-10-03T05:33:49.790Z] [runtime-status] [52980] Trigger "europe-west1-onUserSignUp" has been found, beginning invocation! {"metadata":{"emulator":{"name":"functions"},"function":{"name":"europe-west1-onUserSignUp"},"message":"[runtime-status] [52980] Trigger \"europe-west1-onUserSignUp\" has been found, beginning invocation!"}}
[info] i  functions: Beginning execution of "europe-west1-onUserSignUp" {"metadata":{"emulator":{"name":"functions"},"function":{"name":"europe-west1-onUserSignUp"},"message":"Beginning execution of \"europe-west1-onUserSignUp\""}}
[debug] [2021-10-03T05:33:49.791Z] [runtime-status] [52980] triggerDefinition {"regions":["europe-west1"],"eventTrigger":{"resource":"projects/hermes-4224e","eventType":"providers/firebase.auth/eventTypes/user.create","service":"firebaseauth.googleapis.com"},"name":"onUserSignUp","entryPoint":"onUserSignUp","region":"europe-west1","id":"europe-west1-onUserSignUp"} {"metadata":{"emulator":{"name":"functions"},"function":{"name":"europe-west1-onUserSignUp"},"message":"[runtime-status] [52980] triggerDefinition {\"regions\":[\"europe-west1\"],\"eventTrigger\":{\"resource\":\"projects/hermes-4224e\",\"eventType\":\"providers/firebase.auth/eventTypes/user.create\",\"service\":\"firebaseauth.googleapis.com\"},\"name\":\"onUserSignUp\",\"entryPoint\":\"onUserSignUp\",\"region\":\"europe-west1\",\"id\":\"europe-west1-onUserSignUp\"}"}}
[debug] [2021-10-03T05:33:49.791Z] [runtime-status] [52980] Running europe-west1-onUserSignUp in mode BACKGROUND {"metadata":{"emulator":{"name":"functions"},"function":{"name":"europe-west1-onUserSignUp"},"message":"[runtime-status] [52980] Running europe-west1-onUserSignUp in mode BACKGROUND"}}
[debug] [2021-10-03T05:33:49.791Z] [runtime-status] [52980] ProcessBackground {"eventId":"5e9e43da-8578-47c0-afec-cfa260039fd9","eventType":"providers/firebase.auth/eventTypes/user.create","resource":{"name":"projects/hermes-4224e","service":"firebaseauth.googleapis.com"},"params":{},"timestamp":"2021-10-03T05:33:49.568Z","data":{"uid":"ieVdekZOSxvuOZKkfzTDcG7wJMYJ","email":"panda.algae.290@example.com","emailVerified":true,"displayName":"Panda Algae","metadata":{"creationTime":"1633239229568","lastSignInTime":"1633239229568"},"customClaims":{},"providerData":[{"providerId":"google.com","rawId":"0693706352163598089791007085365520220887","federatedId":"0693706352163598089791007085365520220887","displayName":"Panda Algae","email":"panda.algae.290@example.com","screenName":"algae_panda"}]}} {"metadata":{"emulator":{"name":"functions"},"function":{"name":"europe-west1-onUserSignUp"},"message":"[runtime-status] [52980] ProcessBackground {\"eventId\":\"5e9e43da-8578-47c0-afec-cfa260039fd9\",\"eventType\":\"providers/firebase.auth/eventTypes/user.create\",\"resource\":{\"name\":\"projects/hermes-4224e\",\"service\":\"firebaseauth.googleapis.com\"},\"params\":{},\"timestamp\":\"2021-10-03T05:33:49.568Z\",\"data\":{\"uid\":\"ieVdekZOSxvuOZKkfzTDcG7wJMYJ\",\"email\":\"panda.algae.290@example.com\",\"emailVerified\":true,\"displayName\":\"Panda Algae\",\"metadata\":{\"creationTime\":\"1633239229568\",\"lastSignInTime\":\"1633239229568\"},\"customClaims\":{},\"providerData\":[{\"providerId\":\"google.com\",\"rawId\":\"0693706352163598089791007085365520220887\",\"federatedId\":\"0693706352163598089791007085365520220887\",\"displayName\":\"Panda Algae\",\"email\":\"panda.algae.290@example.com\",\"screenName\":\"algae_panda\"}]}}"}}
[debug] [2021-10-03T05:33:49.791Z] [runtime-status] [52980] ProcessBackground: lifting resource.name from resource {"name":"projects/hermes-4224e","service":"firebaseauth.googleapis.com"} {"metadata":{"emulator":{"name":"functions"},"function":{"name":"europe-west1-onUserSignUp"},"message":"[runtime-status] [52980] ProcessBackground: lifting resource.name from resource {\"name\":\"projects/hermes-4224e\",\"service\":\"firebaseauth.googleapis.com\"}"}}
[debug] [2021-10-03T05:33:49.791Z] [runtime-status] [52980] RunBackground {"data":{"uid":"ieVdekZOSxvuOZKkfzTDcG7wJMYJ","email":"panda.algae.290@example.com","emailVerified":true,"displayName":"Panda Algae","metadata":{"creationTime":"1633239229568","lastSignInTime":"1633239229568"},"customClaims":{},"providerData":[{"providerId":"google.com","rawId":"0693706352163598089791007085365520220887","federatedId":"0693706352163598089791007085365520220887","displayName":"Panda Algae","email":"panda.algae.290@example.com","screenName":"algae_panda"}]},"context":{"eventId":"5e9e43da-8578-47c0-afec-cfa260039fd9","eventType":"providers/firebase.auth/eventTypes/user.create","resource":"projects/hermes-4224e","params":{},"timestamp":"2021-10-03T05:33:49.568Z"}} {"metadata":{"emulator":{"name":"functions"},"function":{"name":"europe-west1-onUserSignUp"},"message":"[runtime-status] [52980] RunBackground {\"data\":{\"uid\":\"ieVdekZOSxvuOZKkfzTDcG7wJMYJ\",\"email\":\"panda.algae.290@example.com\",\"emailVerified\":true,\"displayName\":\"Panda Algae\",\"metadata\":{\"creationTime\":\"1633239229568\",\"lastSignInTime\":\"1633239229568\"},\"customClaims\":{},\"providerData\":[{\"providerId\":\"google.com\",\"rawId\":\"0693706352163598089791007085365520220887\",\"federatedId\":\"0693706352163598089791007085365520220887\",\"displayName\":\"Panda Algae\",\"email\":\"panda.algae.290@example.com\",\"screenName\":\"algae_panda\"}]},\"context\":{\"eventId\":\"5e9e43da-8578-47c0-afec-cfa260039fd9\",\"eventType\":\"providers/firebase.auth/eventTypes/user.create\",\"resource\":\"projects/hermes-4224e\",\"params\":{},\"timestamp\":\"2021-10-03T05:33:49.568Z\"}}"}}
[debug] [2021-10-03T05:33:49.947Z] Oct 03, 2021 8:33:49 AM io.gapi.emulators.netty.HttpVersionRoutingHandler channelRead
INFO: Detected HTTP/2 connection.
 {"metadata":{"emulator":{"name":"firestore"},"message":"Oct 03, 2021 8:33:49 AM io.gapi.emulators.netty.HttpVersionRoutingHandler channelRead\nINFO: Detected HTTP/2 connection.\n"}}
[debug] [2021-10-03T05:33:50.784Z] [runtime-status] [52980] Ephemeral server survived. {"metadata":{"emulator":{"name":"functions"},"function":{"name":"europe-west1-onUserSignUp"},"message":"[runtime-status] [52980] Ephemeral server survived."}}
[info] i  functions: Finished "europe-west1-onUserSignUp" in ~1s {"metadata":{"emulator":{"name":"functions"},"function":{"name":"europe-west1-onUserSignUp"},"message":"Finished \"europe-west1-onUserSignUp\" in ~1s"}}
[debug] [2021-10-03T05:33:50.785Z] [worker-europe-west1-onUserSignUp-0bdc0a00-4b37-487f-97c2-8fe1ca18d76c]: IDLE {"metadata":{"emulator":{"name":"functions"},"message":"[worker-europe-west1-onUserSignUp-0bdc0a00-4b37-487f-97c2-8fe1ca18d76c]: IDLE"}}
[debug] [2021-10-03T05:33:50.785Z] [work-queue] {"queueLength":0,"workRunningCount":0}
[debug] [2021-10-03T05:33:52.207Z] Oct 03, 2021 8:33:52 AM com.google.cloud.datastore.emulator.firestore.websocket.WebSocketChannelHandler channelClosed
INFO: Websocket client disconnected
 {"metadata":{"emulator":{"name":"firestore"},"message":"Oct 03, 2021 8:33:52 AM com.google.cloud.datastore.emulator.firestore.websocket.WebSocketChannelHandler channelClosed\nINFO: Websocket client disconnected\n"}}
[debug] [2021-10-03T05:35:56.355Z] [work-queue] {"queueLength":1,"workRunningCount":0}
[debug] [2021-10-03T05:35:56.355Z] [work-queue] {"queueLength":0,"workRunningCount":1}
[debug] [2021-10-03T05:35:56.356Z] Accepted request POST /hermes-4224e/europe-west1/stravaTokens --> europe-west1-stravaTokens
[debug] [2021-10-03T05:35:56.363Z] [worker-pool] addWorker(europe-west1-stravaTokens) {"metadata":{"emulator":{"name":"functions"},"message":"[worker-pool] addWorker(europe-west1-stravaTokens)"}}
[debug] [2021-10-03T05:35:56.363Z] [worker-pool] Adding worker with key europe-west1-stravaTokens, total=1 {"metadata":{"emulator":{"name":"functions"},"message":"[worker-pool] Adding worker with key europe-west1-stravaTokens, total=1"}}
[debug] [2021-10-03T05:35:56.363Z] [worker-pool] submitWork(triggerId=europe-west1-stravaTokens) {"metadata":{"emulator":{"name":"functions"},"message":"[worker-pool] submitWork(triggerId=europe-west1-stravaTokens)"}}
[debug] [2021-10-03T05:35:56.363Z] [worker-europe-west1-stravaTokens-f112973b-ccdb-4db4-913e-25f6e2cb43d4]: Assigning socketPath: /var/folders/sk/jmy9lw2n2q18r4q2jhsjm6840000gn/T/fire_emu_53056.sock {"metadata":{"emulator":{"name":"functions"},"message":"[worker-europe-west1-stravaTokens-f112973b-ccdb-4db4-913e-25f6e2cb43d4]: Assigning socketPath: /var/folders/sk/jmy9lw2n2q18r4q2jhsjm6840000gn/T/fire_emu_53056.sock"}}
[debug] [2021-10-03T05:35:56.364Z] [worker-europe-west1-stravaTokens-f112973b-ccdb-4db4-913e-25f6e2cb43d4]: BUSY {"metadata":{"emulator":{"name":"functions"},"message":"[worker-europe-west1-stravaTokens-f112973b-ccdb-4db4-913e-25f6e2cb43d4]: BUSY"}}
[debug] [2021-10-03T05:35:56.523Z] [runtime-status] [53056] Functions runtime initialized. {"cwd":"/Users/limon4ikas/DEV/hermes-next/functions","node_version":"14.18.0"} {"metadata":{"emulator":{"name":"functions"},"function":{"name":"europe-west1-stravaTokens"},"message":"[runtime-status] [53056] Functions runtime initialized. {\"cwd\":\"/Users/limon4ikas/DEV/hermes-next/functions\",\"node_version\":\"14.18.0\"}"}}
[debug] [2021-10-03T05:35:56.523Z] [runtime-status] [53056] Disabled runtime features: undefined {"metadata":{"emulator":{"name":"functions"},"function":{"name":"europe-west1-stravaTokens"},"message":"[runtime-status] [53056] Disabled runtime features: undefined"}}
[debug] [2021-10-03T05:35:56.524Z] [runtime-status] [53056] Resolved module firebase-admin {"declared":true,"installed":true,"version":"9.12.0","resolution":"/Users/limon4ikas/DEV/hermes-next/functions/node_modules/firebase-admin/lib/index.js"} {"metadata":{"emulator":{"name":"functions"},"function":{"name":"europe-west1-stravaTokens"},"message":"[runtime-status] [53056] Resolved module firebase-admin {\"declared\":true,\"installed\":true,\"version\":\"9.12.0\",\"resolution\":\"/Users/limon4ikas/DEV/hermes-next/functions/node_modules/firebase-admin/lib/index.js\"}"}}
[debug] [2021-10-03T05:35:56.525Z] [runtime-status] [53056] Resolved module firebase-functions {"declared":true,"installed":true,"version":"3.15.7","resolution":"/Users/limon4ikas/DEV/hermes-next/functions/node_modules/firebase-functions/lib/index.js"} {"metadata":{"emulator":{"name":"functions"},"function":{"name":"europe-west1-stravaTokens"},"message":"[runtime-status] [53056] Resolved module firebase-functions {\"declared\":true,\"installed\":true,\"version\":\"3.15.7\",\"resolution\":\"/Users/limon4ikas/DEV/hermes-next/functions/node_modules/firebase-functions/lib/index.js\"}"}}
[debug] [2021-10-03T05:35:56.526Z] [runtime-status] [53056] Found local functions config: /Users/limon4ikas/DEV/hermes-next/functions/.runtimeconfig.json {"metadata":{"emulator":{"name":"functions"},"function":{"name":"europe-west1-stravaTokens"},"message":"[runtime-status] [53056] Found local functions config: /Users/limon4ikas/DEV/hermes-next/functions/.runtimeconfig.json"}}
[debug] [2021-10-03T05:35:56.526Z] [runtime-status] [53056] Resolved module firebase-functions {"declared":true,"installed":true,"version":"3.15.7","resolution":"/Users/limon4ikas/DEV/hermes-next/functions/node_modules/firebase-functions/lib/index.js"} {"metadata":{"emulator":{"name":"functions"},"function":{"name":"europe-west1-stravaTokens"},"message":"[runtime-status] [53056] Resolved module firebase-functions {\"declared\":true,\"installed\":true,\"version\":\"3.15.7\",\"resolution\":\"/Users/limon4ikas/DEV/hermes-next/functions/node_modules/firebase-functions/lib/index.js\"}"}}
[debug] [2021-10-03T05:35:56.527Z] [runtime-status] [53056] Outgoing network have been stubbed. [{"name":"http","status":"mocked"},{"name":"http","status":"mocked"},{"name":"https","status":"mocked"},{"name":"https","status":"mocked"},{"name":"net","status":"mocked"}] {"metadata":{"emulator":{"name":"functions"},"function":{"name":"europe-west1-stravaTokens"},"message":"[runtime-status] [53056] Outgoing network have been stubbed. [{\"name\":\"http\",\"status\":\"mocked\"},{\"name\":\"http\",\"status\":\"mocked\"},{\"name\":\"https\",\"status\":\"mocked\"},{\"name\":\"https\",\"status\":\"mocked\"},{\"name\":\"net\",\"status\":\"mocked\"}]"}}
[debug] [2021-10-03T05:35:56.527Z] [runtime-status] [53056] Resolved module firebase-functions {"declared":true,"installed":true,"version":"3.15.7","resolution":"/Users/limon4ikas/DEV/hermes-next/functions/node_modules/firebase-functions/lib/index.js"} {"metadata":{"emulator":{"name":"functions"},"function":{"name":"europe-west1-stravaTokens"},"message":"[runtime-status] [53056] Resolved module firebase-functions {\"declared\":true,\"installed\":true,\"version\":\"3.15.7\",\"resolution\":\"/Users/limon4ikas/DEV/hermes-next/functions/node_modules/firebase-functions/lib/index.js\"}"}}
[debug] [2021-10-03T05:35:56.543Z] [runtime-status] [53056] Checked functions.config() {"config":{"strava":{"client_id":"60657","client_secret":"50c1a73df5c6b619b48619e8eadb69404ee520db"}}} {"metadata":{"emulator":{"name":"functions"},"function":{"name":"europe-west1-stravaTokens"},"message":"[runtime-status] [53056] Checked functions.config() {\"config\":{\"strava\":{\"client_id\":\"60657\",\"client_secret\":\"50c1a73df5c6b619b48619e8eadb69404ee520db\"}}}"}}
[debug] [2021-10-03T05:35:56.543Z] [runtime-status] [53056] firebase-functions has been stubbed. {"functionsResolution":{"declared":true,"installed":true,"version":"3.15.7","resolution":"/Users/limon4ikas/DEV/hermes-next/functions/node_modules/firebase-functions/lib/index.js"}} {"metadata":{"emulator":{"name":"functions"},"function":{"name":"europe-west1-stravaTokens"},"message":"[runtime-status] [53056] firebase-functions has been stubbed. {\"functionsResolution\":{\"declared\":true,\"installed\":true,\"version\":\"3.15.7\",\"resolution\":\"/Users/limon4ikas/DEV/hermes-next/functions/node_modules/firebase-functions/lib/index.js\"}}"}}
[debug] [2021-10-03T05:35:56.543Z] [runtime-status] [53056] Resolved module firebase-functions {"declared":true,"installed":true,"version":"3.15.7","resolution":"/Users/limon4ikas/DEV/hermes-next/functions/node_modules/firebase-functions/lib/index.js"} {"metadata":{"emulator":{"name":"functions"},"function":{"name":"europe-west1-stravaTokens"},"message":"[runtime-status] [53056] Resolved module firebase-functions {\"declared\":true,\"installed\":true,\"version\":\"3.15.7\",\"resolution\":\"/Users/limon4ikas/DEV/hermes-next/functions/node_modules/firebase-functions/lib/index.js\"}"}}
[debug] [2021-10-03T05:35:56.544Z] [runtime-status] [53056] Resolved module firebase-admin {"declared":true,"installed":true,"version":"9.12.0","resolution":"/Users/limon4ikas/DEV/hermes-next/functions/node_modules/firebase-admin/lib/index.js"} {"metadata":{"emulator":{"name":"functions"},"function":{"name":"europe-west1-stravaTokens"},"message":"[runtime-status] [53056] Resolved module firebase-admin {\"declared\":true,\"installed\":true,\"version\":\"9.12.0\",\"resolution\":\"/Users/limon4ikas/DEV/hermes-next/functions/node_modules/firebase-admin/lib/index.js\"}"}}
[debug] [2021-10-03T05:35:56.544Z] [runtime-status] [53056] Resolved module firebase-functions {"declared":true,"installed":true,"version":"3.15.7","resolution":"/Users/limon4ikas/DEV/hermes-next/functions/node_modules/firebase-functions/lib/index.js"} {"metadata":{"emulator":{"name":"functions"},"function":{"name":"europe-west1-stravaTokens"},"message":"[runtime-status] [53056] Resolved module firebase-functions {\"declared\":true,\"installed\":true,\"version\":\"3.15.7\",\"resolution\":\"/Users/limon4ikas/DEV/hermes-next/functions/node_modules/firebase-functions/lib/index.js\"}"}}
[debug] [2021-10-03T05:35:56.545Z] [runtime-status] [53056] firebase-admin has been stubbed. {"adminResolution":{"declared":true,"installed":true,"version":"9.12.0","resolution":"/Users/limon4ikas/DEV/hermes-next/functions/node_modules/firebase-admin/lib/index.js"}} {"metadata":{"emulator":{"name":"functions"},"function":{"name":"europe-west1-stravaTokens"},"message":"[runtime-status] [53056] firebase-admin has been stubbed. {\"adminResolution\":{\"declared\":true,\"installed\":true,\"version\":\"9.12.0\",\"resolution\":\"/Users/limon4ikas/DEV/hermes-next/functions/node_modules/firebase-admin/lib/index.js\"}}"}}
[debug] [2021-10-03T05:35:56.545Z] [runtime-status] [53056] initializeApp(DEFAULT) {"storageBucket":"hermes-4224e.appspot.com","projectId":"hermes-4224e"} {"metadata":{"emulator":{"name":"functions"},"function":{"name":"europe-west1-stravaTokens"},"message":"[runtime-status] [53056] initializeApp(DEFAULT) {\"storageBucket\":\"hermes-4224e.appspot.com\",\"projectId\":\"hermes-4224e\"}"}}
[debug] [2021-10-03T05:35:56.580Z] [runtime-status] [53056] Trigger "europe-west1-stravaTokens" has been found, beginning invocation! {"metadata":{"emulator":{"name":"functions"},"function":{"name":"europe-west1-stravaTokens"},"message":"[runtime-status] [53056] Trigger \"europe-west1-stravaTokens\" has been found, beginning invocation!"}}
[info] i  functions: Beginning execution of "europe-west1-stravaTokens" {"metadata":{"emulator":{"name":"functions"},"function":{"name":"europe-west1-stravaTokens"},"message":"Beginning execution of \"europe-west1-stravaTokens\""}}
[debug] [2021-10-03T05:35:56.580Z] [runtime-status] [53056] triggerDefinition {"regions":["europe-west1"],"httpsTrigger":{},"name":"stravaTokens","entryPoint":"stravaTokens","region":"europe-west1","id":"europe-west1-stravaTokens"} {"metadata":{"emulator":{"name":"functions"},"function":{"name":"europe-west1-stravaTokens"},"message":"[runtime-status] [53056] triggerDefinition {\"regions\":[\"europe-west1\"],\"httpsTrigger\":{},\"name\":\"stravaTokens\",\"entryPoint\":\"stravaTokens\",\"region\":\"europe-west1\",\"id\":\"europe-west1-stravaTokens\"}"}}
[debug] [2021-10-03T05:35:56.580Z] [runtime-status] [53056] Running europe-west1-stravaTokens in mode HTTPS {"metadata":{"emulator":{"name":"functions"},"function":{"name":"europe-west1-stravaTokens"},"message":"[runtime-status] [53056] Running europe-west1-stravaTokens in mode HTTPS"}}
[debug] [2021-10-03T05:35:56.581Z] [runtime-status] [53056] Attempting to listen to socketPath: /var/folders/sk/jmy9lw2n2q18r4q2jhsjm6840000gn/T/fire_emu_53056.sock {"metadata":{"emulator":{"name":"functions"},"function":{"name":"europe-west1-stravaTokens"},"message":"[runtime-status] [53056] Attempting to listen to socketPath: /var/folders/sk/jmy9lw2n2q18r4q2jhsjm6840000gn/T/fire_emu_53056.sock"}}
[debug] [2021-10-03T05:35:56.583Z] [functions] Runtime ready! Sending request! {"metadata":{"emulator":{"name":"functions"},"message":"[functions] Runtime ready! Sending request!"}}
[debug] [2021-10-03T05:35:56.583Z] [functions] Got req.url=/hermes-4224e/europe-west1/stravaTokens, mapping to path=/ {"metadata":{"emulator":{"name":"functions"},"message":"[functions] Got req.url=/hermes-4224e/europe-west1/stravaTokens, mapping to path=/"}}
[debug] [2021-10-03T05:35:56.591Z] [runtime-status] [53056] Ephemeral server handling POST request {"metadata":{"emulator":{"name":"functions"},"function":{"name":"europe-west1-stravaTokens"},"message":"[runtime-status] [53056] Ephemeral server handling POST request"}}
[debug] [2021-10-03T05:35:56.634Z] [runtime-status] [53056] Ephemeral server survived. {"metadata":{"emulator":{"name":"functions"},"function":{"name":"europe-west1-stravaTokens"},"message":"[runtime-status] [53056] Ephemeral server survived."}}
[debug] [2021-10-03T05:35:57.372Z] Oct 03, 2021 8:35:57 AM io.gapi.emulators.netty.HttpVersionRoutingHandler channelRead
INFO: Detected HTTP/2 connection.
 {"metadata":{"emulator":{"name":"firestore"},"message":"Oct 03, 2021 8:35:57 AM io.gapi.emulators.netty.HttpVersionRoutingHandler channelRead\nINFO: Detected HTTP/2 connection.\n"}}
[info] i  functions: Finished "europe-west1-stravaTokens" in ~2s {"metadata":{"emulator":{"name":"functions"},"function":{"name":"europe-west1-stravaTokens"},"message":"Finished \"europe-west1-stravaTokens\" in ~2s"}}
[debug] [2021-10-03T05:35:58.855Z] [worker-europe-west1-stravaTokens-f112973b-ccdb-4db4-913e-25f6e2cb43d4]: IDLE {"metadata":{"emulator":{"name":"functions"},"message":"[worker-europe-west1-stravaTokens-f112973b-ccdb-4db4-913e-25f6e2cb43d4]: IDLE"}}
[debug] [2021-10-03T05:35:58.855Z] [work-queue] {"queueLength":0,"workRunningCount":0}
[debug] [2021-10-03T05:36:04.362Z] Oct 03, 2021 8:36:04 AM io.gapi.emulators.netty.HttpVersionRoutingHandler channelRead
INFO: Detected non-HTTP/2 connection.
 {"metadata":{"emulator":{"name":"firestore"},"message":"Oct 03, 2021 8:36:04 AM io.gapi.emulators.netty.HttpVersionRoutingHandler channelRead\nINFO: Detected non-HTTP/2 connection.\n"}}
[debug] [2021-10-03T05:36:04.399Z] Oct 03, 2021 8:36:04 AM com.google.cloud.datastore.emulator.firestore.websocket.WebSocketChannelHandler initChannel
INFO: Connected to new websocket client
 {"metadata":{"emulator":{"name":"firestore"},"message":"Oct 03, 2021 8:36:04 AM com.google.cloud.datastore.emulator.firestore.websocket.WebSocketChannelHandler initChannel\nINFO: Connected to new websocket client\n"}}
[debug] [2021-10-03T05:36:06.654Z] Oct 03, 2021 8:36:06 AM io.gapi.emulators.netty.HttpVersionRoutingHandler channelRead
INFO: Detected non-HTTP/2 connection.
 {"metadata":{"emulator":{"name":"firestore"},"message":"Oct 03, 2021 8:36:06 AM io.gapi.emulators.netty.HttpVersionRoutingHandler channelRead\nINFO: Detected non-HTTP/2 connection.\n"}}
[debug] [2021-10-03T05:36:06.760Z] Oct 03, 2021 8:36:06 AM io.gapi.emulators.netty.HttpVersionRoutingHandler channelRead
INFO: Detected HTTP/2 connection.
 {"metadata":{"emulator":{"name":"firestore"},"message":"Oct 03, 2021 8:36:06 AM io.gapi.emulators.netty.HttpVersionRoutingHandler channelRead\nINFO: Detected HTTP/2 connection.\n"}}
[debug] [2021-10-03T05:36:06.937Z] Oct 03, 2021 8:36:06 AM io.gapi.emulators.netty.HttpVersionRoutingHandler channelRead
INFO: Detected non-HTTP/2 connection.
 {"metadata":{"emulator":{"name":"firestore"},"message":"Oct 03, 2021 8:36:06 AM io.gapi.emulators.netty.HttpVersionRoutingHandler channelRead\nINFO: Detected non-HTTP/2 connection.\n"}}
[debug] [2021-10-03T05:36:07.198Z] Oct 03, 2021 8:36:07 AM io.gapi.emulators.netty.HttpVersionRoutingHandler channelRead
INFO: Detected non-HTTP/2 connection.
 {"metadata":{"emulator":{"name":"firestore"},"message":"Oct 03, 2021 8:36:07 AM io.gapi.emulators.netty.HttpVersionRoutingHandler channelRead\nINFO: Detected non-HTTP/2 connection.\n"}}
[debug] [2021-10-03T05:36:07.343Z] Oct 03, 2021 8:36:07 AM io.gapi.emulators.netty.HttpVersionRoutingHandler channelRead
INFO: Detected non-HTTP/2 connection.
 {"metadata":{"emulator":{"name":"firestore"},"message":"Oct 03, 2021 8:36:07 AM io.gapi.emulators.netty.HttpVersionRoutingHandler channelRead\nINFO: Detected non-HTTP/2 connection.\n"}}
[debug] [2021-10-03T05:36:08.353Z] Oct 03, 2021 8:36:08 AM io.gapi.emulators.netty.HttpVersionRoutingHandler channelRead
INFO: Detected non-HTTP/2 connection.
 {"metadata":{"emulator":{"name":"firestore"},"message":"Oct 03, 2021 8:36:08 AM io.gapi.emulators.netty.HttpVersionRoutingHandler channelRead\nINFO: Detected non-HTTP/2 connection.\n"}}
[debug] [2021-10-03T05:36:09.148Z] Oct 03, 2021 8:36:09 AM io.gapi.emulators.netty.HttpVersionRoutingHandler channelRead
INFO: Detected non-HTTP/2 connection.
 {"metadata":{"emulator":{"name":"firestore"},"message":"Oct 03, 2021 8:36:09 AM io.gapi.emulators.netty.HttpVersionRoutingHandler channelRead\nINFO: Detected non-HTTP/2 connection.\n"}}
[debug] [2021-10-03T05:36:09.343Z] Oct 03, 2021 8:36:09 AM io.gapi.emulators.netty.HttpVersionRoutingHandler channelRead
INFO: Detected non-HTTP/2 connection.
 {"metadata":{"emulator":{"name":"firestore"},"message":"Oct 03, 2021 8:36:09 AM io.gapi.emulators.netty.HttpVersionRoutingHandler channelRead\nINFO: Detected non-HTTP/2 connection.\n"}}
[debug] [2021-10-03T05:36:10.378Z] Oct 03, 2021 8:36:10 AM io.gapi.emulators.netty.HttpVersionRoutingHandler channelRead
INFO: Detected non-HTTP/2 connection.
 {"metadata":{"emulator":{"name":"firestore"},"message":"Oct 03, 2021 8:36:10 AM io.gapi.emulators.netty.HttpVersionRoutingHandler channelRead\nINFO: Detected non-HTTP/2 connection.\n"}}
[debug] [2021-10-03T05:36:10.880Z] Oct 03, 2021 8:36:10 AM io.gapi.emulators.netty.HttpVersionRoutingHandler channelRead
INFO: Detected non-HTTP/2 connection.
 {"metadata":{"emulator":{"name":"firestore"},"message":"Oct 03, 2021 8:36:10 AM io.gapi.emulators.netty.HttpVersionRoutingHandler channelRead\nINFO: Detected non-HTTP/2 connection.\n"}}
[debug] [2021-10-03T05:36:12.417Z] Oct 03, 2021 8:36:12 AM io.gapi.emulators.netty.HttpVersionRoutingHandler channelRead
INFO: Detected non-HTTP/2 connection.
 {"metadata":{"emulator":{"name":"firestore"},"message":"Oct 03, 2021 8:36:12 AM io.gapi.emulators.netty.HttpVersionRoutingHandler channelRead\nINFO: Detected non-HTTP/2 connection.\n"}}
[debug] [2021-10-03T05:36:12.919Z] Oct 03, 2021 8:36:12 AM io.gapi.emulators.netty.HttpVersionRoutingHandler channelRead
INFO: Detected non-HTTP/2 connection.
 {"metadata":{"emulator":{"name":"firestore"},"message":"Oct 03, 2021 8:36:12 AM io.gapi.emulators.netty.HttpVersionRoutingHandler channelRead\nINFO: Detected non-HTTP/2 connection.\n"}}
[debug] [2021-10-03T05:36:14.476Z] Oct 03, 2021 8:36:14 AM io.gapi.emulators.netty.HttpVersionRoutingHandler channelRead
INFO: Detected non-HTTP/2 connection.
 {"metadata":{"emulator":{"name":"firestore"},"message":"Oct 03, 2021 8:36:14 AM io.gapi.emulators.netty.HttpVersionRoutingHandler channelRead\nINFO: Detected non-HTTP/2 connection.\n"}}
[debug] [2021-10-03T05:36:16.547Z] Oct 03, 2021 8:36:16 AM io.gapi.emulators.netty.HttpVersionRoutingHandler channelRead
INFO: Detected non-HTTP/2 connection.
 {"metadata":{"emulator":{"name":"firestore"},"message":"Oct 03, 2021 8:36:16 AM io.gapi.emulators.netty.HttpVersionRoutingHandler channelRead\nINFO: Detected non-HTTP/2 connection.\n"}}
[debug] [2021-10-03T05:36:18.595Z] Oct 03, 2021 8:36:18 AM io.gapi.emulators.netty.HttpVersionRoutingHandler channelRead
INFO: Detected non-HTTP/2 connection.
 {"metadata":{"emulator":{"name":"firestore"},"message":"Oct 03, 2021 8:36:18 AM io.gapi.emulators.netty.HttpVersionRoutingHandler channelRead\nINFO: Detected non-HTTP/2 connection.\n"}}
[debug] [2021-10-03T05:36:19.384Z] Oct 03, 2021 8:36:19 AM io.gapi.emulators.netty.HttpVersionRoutingHandler channelRead
INFO: Detected non-HTTP/2 connection.
 {"metadata":{"emulator":{"name":"firestore"},"message":"Oct 03, 2021 8:36:19 AM io.gapi.emulators.netty.HttpVersionRoutingHandler channelRead\nINFO: Detected non-HTTP/2 connection.\n"}}
[debug] [2021-10-03T05:36:20.624Z] Oct 03, 2021 8:36:20 AM io.gapi.emulators.netty.HttpVersionRoutingHandler channelRead
INFO: Detected non-HTTP/2 connection.
 {"metadata":{"emulator":{"name":"firestore"},"message":"Oct 03, 2021 8:36:20 AM io.gapi.emulators.netty.HttpVersionRoutingHandler channelRead\nINFO: Detected non-HTTP/2 connection.\n"}}
[debug] [2021-10-03T05:36:22.664Z] Oct 03, 2021 8:36:22 AM io.gapi.emulators.netty.HttpVersionRoutingHandler channelRead
INFO: Detected non-HTTP/2 connection.
 {"metadata":{"emulator":{"name":"firestore"},"message":"Oct 03, 2021 8:36:22 AM io.gapi.emulators.netty.HttpVersionRoutingHandler channelRead\nINFO: Detected non-HTTP/2 connection.\n"}}
[debug] [2021-10-03T05:36:24.692Z] Oct 03, 2021 8:36:24 AM io.gapi.emulators.netty.HttpVersionRoutingHandler channelRead
INFO: Detected non-HTTP/2 connection.
 {"metadata":{"emulator":{"name":"firestore"},"message":"Oct 03, 2021 8:36:24 AM io.gapi.emulators.netty.HttpVersionRoutingHandler channelRead\nINFO: Detected non-HTTP/2 connection.\n"}}
[debug] [2021-10-03T05:36:26.716Z] Oct 03, 2021 8:36:26 AM io.gapi.emulators.netty.HttpVersionRoutingHandler channelRead
INFO: Detected non-HTTP/2 connection.
 {"metadata":{"emulator":{"name":"firestore"},"message":"Oct 03, 2021 8:36:26 AM io.gapi.emulators.netty.HttpVersionRoutingHandler channelRead\nINFO: Detected non-HTTP/2 connection.\n"}}
[debug] [2021-10-03T05:36:28.732Z] Oct 03, 2021 8:36:28 AM io.gapi.emulators.netty.HttpVersionRoutingHandler channelRead
INFO: Detected non-HTTP/2 connection.
 {"metadata":{"emulator":{"name":"firestore"},"message":"Oct 03, 2021 8:36:28 AM io.gapi.emulators.netty.HttpVersionRoutingHandler channelRead\nINFO: Detected non-HTTP/2 connection.\n"}}
[debug] [2021-10-03T05:36:29.923Z] Oct 03, 2021 8:36:29 AM com.google.cloud.datastore.emulator.firestore.websocket.WebSocketChannelHandler channelClosed
INFO: Websocket client disconnected
 {"metadata":{"emulator":{"name":"firestore"},"message":"Oct 03, 2021 8:36:29 AM com.google.cloud.datastore.emulator.firestore.websocket.WebSocketChannelHandler channelClosed\nINFO: Websocket client disconnected\n"}}
[debug] [2021-10-03T05:49:12.154Z] Received signal SIGHUP 1
[info]  
[info] i  emulators: Received SIGHUP for the first time. Starting a clean shutdown. 
[info] i  emulators: Please wait for a clean shutdown or send the SIGHUP signal again to stop right now. 
[debug] [2021-10-03T05:49:12.159Z] Error: write EIO
    at afterWriteDispatched (internal/stream_base_commons.js:156:25)
    at writeGeneric (internal/stream_base_commons.js:147:3)
    at WriteStream.Socket._writeGeneric (net.js:798:11)
    at WriteStream.Socket._write (net.js:810:8)
    at writeOrBuffer (internal/streams/writable.js:358:12)
    at WriteStream.Writable.write (internal/streams/writable.js:303:10)
    at Console.log (/usr/local/lib/node_modules/firebase-tools/node_modules/winston/lib/winston/transports/console.js:79:23)
    at Console._write (/usr/local/lib/node_modules/firebase-tools/node_modules/winston-transport/index.js:103:17)
    at doWrite (/usr/local/lib/node_modules/firebase-tools/node_modules/winston-transport/node_modules/readable-stream/lib/_stream_writable.js:428:64)
    at writeOrBuffer (/usr/local/lib/node_modules/firebase-tools/node_modules/winston-transport/node_modules/readable-stream/lib/_stream_writable.js:417:5)
    at Console.Writable.write (/usr/local/lib/node_modules/firebase-tools/node_modules/winston-transport/node_modules/readable-stream/lib/_stream_writable.js:334:11)
    at DerivedLogger.ondata (/usr/local/lib/node_modules/firebase-tools/node_modules/readable-stream/lib/_stream_readable.js:681:20)
    at DerivedLogger.emit (events.js:412:35)
    at DerivedLogger.emit (domain.js:475:12)
    at addChunk (/usr/local/lib/node_modules/firebase-tools/node_modules/readable-stream/lib/_stream_readable.js:298:12)
    at readableAddChunk (/usr/local/lib/node_modules/firebase-tools/node_modules/readable-stream/lib/_stream_readable.js:280:11)
[error] 
[error] Error: An unexpected error has occurred.
[info] i  emulators: Shutting down emulators. {"metadata":{"emulator":{"name":"hub"},"message":"Shutting down emulators."}}
[info] i  ui: Stopping Emulator UI {"metadata":{"emulator":{"name":"ui"},"message":"Stopping Emulator UI"}}
[debug] [2021-10-03T05:49:12.163Z] [worker-~diagnostic~-51e91a06-3ce9-4345-a106-e6faca500a4b]: exited {"metadata":{"emulator":{"name":"functions"},"message":"[worker-~diagnostic~-51e91a06-3ce9-4345-a106-e6faca500a4b]: exited"}}
[debug] [2021-10-03T05:49:12.164Z] [worker-~diagnostic~-51e91a06-3ce9-4345-a106-e6faca500a4b]: FINISHED {"metadata":{"emulator":{"name":"functions"},"message":"[worker-~diagnostic~-51e91a06-3ce9-4345-a106-e6faca500a4b]: FINISHED"}}
[debug] [2021-10-03T05:49:12.164Z] [worker-europe-west1-onUserSignUp-0bdc0a00-4b37-487f-97c2-8fe1ca18d76c]: exited {"metadata":{"emulator":{"name":"functions"},"message":"[worker-europe-west1-onUserSignUp-0bdc0a00-4b37-487f-97c2-8fe1ca18d76c]: exited"}}
[debug] [2021-10-03T05:49:12.164Z] [worker-europe-west1-onUserSignUp-0bdc0a00-4b37-487f-97c2-8fe1ca18d76c]: FINISHED {"metadata":{"emulator":{"name":"functions"},"message":"[worker-europe-west1-onUserSignUp-0bdc0a00-4b37-487f-97c2-8fe1ca18d76c]: FINISHED"}}
[debug] [2021-10-03T05:49:12.165Z] [worker-europe-west1-stravaTokens-f112973b-ccdb-4db4-913e-25f6e2cb43d4]: exited {"metadata":{"emulator":{"name":"functions"},"message":"[worker-europe-west1-stravaTokens-f112973b-ccdb-4db4-913e-25f6e2cb43d4]: exited"}}
[debug] [2021-10-03T05:49:12.165Z] [worker-europe-west1-stravaTokens-f112973b-ccdb-4db4-913e-25f6e2cb43d4]: FINISHED {"metadata":{"emulator":{"name":"functions"},"message":"[worker-europe-west1-stravaTokens-f112973b-ccdb-4db4-913e-25f6e2cb43d4]: FINISHED"}}
[warn] ⚠  Emulator UI has exited upon receiving signal: SIGINT 
[info] i  functions: Stopping Functions Emulator {"metadata":{"emulator":{"name":"functions"},"message":"Stopping Functions Emulator"}}
[info] i  firestore: Stopping Firestore Emulator {"metadata":{"emulator":{"name":"firestore"},"message":"Stopping Firestore Emulator"}}
[debug] [2021-10-03T05:49:12.182Z] *** shutting down gRPC server since JVM is shutting down {"metadata":{"emulator":{"name":"firestore"},"message":"*** shutting down gRPC server since JVM is shutting down"}}
[debug] [2021-10-03T05:49:12.182Z] 
 {"metadata":{"emulator":{"name":"firestore"},"message":"\n"}}
[debug] [2021-10-03T05:49:12.188Z] *** server shut down {"metadata":{"emulator":{"name":"firestore"},"message":"*** server shut down"}}
[debug] [2021-10-03T05:49:12.188Z] 
 {"metadata":{"emulator":{"name":"firestore"},"message":"\n"}}
