[debug] [2021-10-16T07:58:37.510Z] ----------------------------------------------------------------------
[debug] [2021-10-16T07:58:37.511Z] Command:       /Users/limon4ikas/.nvm/versions/node/v14.18.0/bin/node /usr/local/bin/firebase emulators:start
[debug] [2021-10-16T07:58:37.511Z] CLI Version:   9.16.3
[debug] [2021-10-16T07:58:37.511Z] Platform:      darwin
[debug] [2021-10-16T07:58:37.511Z] Node Version:  v14.18.0
[debug] [2021-10-16T07:58:37.512Z] Time:          Sat Oct 16 2021 10:58:37 GMT+0300 (Moscow Standard Time)
[debug] [2021-10-16T07:58:37.512Z] ----------------------------------------------------------------------
[debug] 
[debug] [2021-10-16T07:58:37.535Z] > command requires scopes: ["email","openid","https://www.googleapis.com/auth/cloudplatformprojects.readonly","https://www.googleapis.com/auth/firebase","https://www.googleapis.com/auth/cloud-platform"]
[debug] [2021-10-16T07:58:37.535Z] > authorizing via signed-in user (limon4ikas@gmail.com)
[info] i  emulators: Starting emulators: auth, functions, firestore {"metadata":{"emulator":{"name":"hub"},"message":"Starting emulators: auth, functions, firestore"}}
[debug] [2021-10-16T07:58:37.545Z] [hub] writing locator at /var/folders/sk/jmy9lw2n2q18r4q2jhsjm6840000gn/T/hub-hermes-4224e.json
[warn] ⚠  functions: The following emulators are not running, calls to these services from the Functions emulator will affect production: database, hosting, pubsub, storage {"metadata":{"emulator":{"name":"functions"},"message":"The following emulators are not running, calls to these services from the Functions emulator will affect production: \u001b[1mdatabase, hosting, pubsub, storage\u001b[22m"}}
[info] ✔  functions: Using node@14 from host. {"metadata":{"emulator":{"name":"functions"},"message":"Using node@14 from host."}}
[debug] [2021-10-16T07:58:37.562Z] defaultcredentials: writing to file /Users/limon4ikas/.config/firebase/limon4ikas_gmail_com_application_default_credentials.json
[debug] [2021-10-16T07:58:37.563Z] Setting GAC to /Users/limon4ikas/.config/firebase/limon4ikas_gmail_com_application_default_credentials.json {"metadata":{"emulator":{"name":"functions"},"message":"Setting GAC to /Users/limon4ikas/.config/firebase/limon4ikas_gmail_com_application_default_credentials.json"}}
[debug] [2021-10-16T07:58:37.564Z] >>> [apiv2][query] GET https://firebase.googleapis.com/v1beta1/projects/hermes-4224e/adminSdkConfig [none]
[debug] [2021-10-16T07:58:37.794Z] <<< [apiv2][status] GET https://firebase.googleapis.com/v1beta1/projects/hermes-4224e/adminSdkConfig 200
[debug] [2021-10-16T07:58:37.794Z] <<< [apiv2][body] GET https://firebase.googleapis.com/v1beta1/projects/hermes-4224e/adminSdkConfig {"projectId":"hermes-4224e","storageBucket":"hermes-4224e.appspot.com","locationId":"europe-west"}
[warn] ⚠  firestore: Did not find a Cloud Firestore rules file specified in a firebase.json config file. {"metadata":{"emulator":{"name":"firestore"},"message":"Did not find a Cloud Firestore rules file specified in a firebase.json config file."}}
[warn] ⚠  firestore: The emulator will default to allowing all reads and writes. Learn more about this option: https://firebase.google.com/docs/emulator-suite/install_and_configure#security_rules_configuration. {"metadata":{"emulator":{"name":"firestore"},"message":"The emulator will default to allowing all reads and writes. Learn more about this option: https://firebase.google.com/docs/emulator-suite/install_and_configure#security_rules_configuration."}}
[debug] [2021-10-16T07:58:37.822Z] Ignoring unsupported arg: projectId {"metadata":{"emulator":{"name":"firestore"},"message":"Ignoring unsupported arg: projectId"}}
[debug] [2021-10-16T07:58:37.823Z] Ignoring unsupported arg: auto_download {"metadata":{"emulator":{"name":"firestore"},"message":"Ignoring unsupported arg: auto_download"}}
[debug] [2021-10-16T07:58:37.823Z] Starting Firestore Emulator with command {"binary":"java","args":["-Dgoogle.cloud_firestore.debug_log_level=FINE","-Duser.language=en","-jar","/Users/limon4ikas/.cache/firebase/emulators/cloud-firestore-emulator-v1.13.1.jar","--host","localhost","--port",8080,"--functions_emulator","localhost:5001"],"optionalArgs":["port","webchannel_port","host","rules","functions_emulator","seed_from_export"],"joinArgs":false} {"metadata":{"emulator":{"name":"firestore"},"message":"Starting Firestore Emulator with command {\"binary\":\"java\",\"args\":[\"-Dgoogle.cloud_firestore.debug_log_level=FINE\",\"-Duser.language=en\",\"-jar\",\"/Users/limon4ikas/.cache/firebase/emulators/cloud-firestore-emulator-v1.13.1.jar\",\"--host\",\"localhost\",\"--port\",8080,\"--functions_emulator\",\"localhost:5001\"],\"optionalArgs\":[\"port\",\"webchannel_port\",\"host\",\"rules\",\"functions_emulator\",\"seed_from_export\"],\"joinArgs\":false}"}}
[info] i  firestore: Firestore Emulator logging to firestore-debug.log {"metadata":{"emulator":{"name":"firestore"},"message":"Firestore Emulator logging to \u001b[1mfirestore-debug.log\u001b[22m"}}
[debug] [2021-10-16T07:58:44.092Z] Oct 16, 2021 10:58:44 AM com.google.cloud.datastore.emulator.firestore.websocket.WebSocketServer start
INFO: Started WebSocket server on ws://localhost:59583
 {"metadata":{"emulator":{"name":"firestore"},"message":"Oct 16, 2021 10:58:44 AM com.google.cloud.datastore.emulator.firestore.websocket.WebSocketServer start\nINFO: Started WebSocket server on ws://localhost:59583\n"}}
[debug] [2021-10-16T07:58:44.183Z] API endpoint: http:// {"metadata":{"emulator":{"name":"firestore"},"message":"API endpoint: http://"}}
[debug] [2021-10-16T07:58:44.183Z] localhost:8080
If you are using a library that supports the FIRESTORE_EMULATOR_HOST environment variable, run:

   export FIRESTORE_EMULATOR_HOST=localhost:8080

Dev App Server is now running.

 {"metadata":{"emulator":{"name":"firestore"},"message":"localhost:8080\nIf you are using a library that supports the FIRESTORE_EMULATOR_HOST environment variable, run:\n\n   export FIRESTORE_EMULATOR_HOST=localhost:8080\n\nDev App Server is now running.\n\n"}}
[warn] ⚠  ui: Emulator UI unable to start on port 4000, starting on 4001 instead. {"metadata":{"emulator":{"name":"ui"},"message":"Emulator UI unable to start on port 4000, starting on 4001 instead."}}
[debug] [2021-10-16T07:58:45.102Z] Ignoring unsupported arg: auto_download {"metadata":{"emulator":{"name":"ui"},"message":"Ignoring unsupported arg: auto_download"}}
[debug] [2021-10-16T07:58:45.102Z] Ignoring unsupported arg: port {"metadata":{"emulator":{"name":"ui"},"message":"Ignoring unsupported arg: port"}}
[debug] [2021-10-16T07:58:45.102Z] Starting Emulator UI with command {"binary":"node","args":["/Users/limon4ikas/.cache/firebase/emulators/ui-v1.6.2/server.bundle.js"],"optionalArgs":[],"joinArgs":false} {"metadata":{"emulator":{"name":"ui"},"message":"Starting Emulator UI with command {\"binary\":\"node\",\"args\":[\"/Users/limon4ikas/.cache/firebase/emulators/ui-v1.6.2/server.bundle.js\"],\"optionalArgs\":[],\"joinArgs\":false}"}}
[info] i  ui: Emulator UI logging to ui-debug.log {"metadata":{"emulator":{"name":"ui"},"message":"Emulator UI logging to \u001b[1mui-debug.log\u001b[22m"}}
[debug] [2021-10-16T07:58:45.150Z] Web / API server started at localhost:4001
 {"metadata":{"emulator":{"name":"ui"},"message":"Web / API server started at localhost:4001\n"}}
[info] i  functions: Watching "/Users/limon4ikas/prod/hermes-next/functions" for Cloud Functions... {"metadata":{"emulator":{"name":"functions"},"message":"Watching \"/Users/limon4ikas/prod/hermes-next/functions\" for Cloud Functions..."}}
[debug] [2021-10-16T07:58:45.379Z] [worker-pool] addWorker(~diagnostic~) {"metadata":{"emulator":{"name":"functions"},"message":"[worker-pool] addWorker(~diagnostic~)"}}
[debug] [2021-10-16T07:58:45.379Z] [worker-pool] Adding worker with key ~diagnostic~, total=1 {"metadata":{"emulator":{"name":"functions"},"message":"[worker-pool] Adding worker with key ~diagnostic~, total=1"}}
[debug] [2021-10-16T07:58:45.379Z] [worker-pool] submitWork(triggerId=) {"metadata":{"emulator":{"name":"functions"},"message":"[worker-pool] submitWork(triggerId=)"}}
[debug] [2021-10-16T07:58:45.380Z] [worker-~diagnostic~-fb363e32-d8cd-49b6-a0cf-ba461f0cb043]: Assigning socketPath: /var/folders/sk/jmy9lw2n2q18r4q2jhsjm6840000gn/T/fire_emu_42356.sock {"metadata":{"emulator":{"name":"functions"},"message":"[worker-~diagnostic~-fb363e32-d8cd-49b6-a0cf-ba461f0cb043]: Assigning socketPath: /var/folders/sk/jmy9lw2n2q18r4q2jhsjm6840000gn/T/fire_emu_42356.sock"}}
[debug] [2021-10-16T07:58:45.380Z] [worker-~diagnostic~-fb363e32-d8cd-49b6-a0cf-ba461f0cb043]: BUSY {"metadata":{"emulator":{"name":"functions"},"message":"[worker-~diagnostic~-fb363e32-d8cd-49b6-a0cf-ba461f0cb043]: BUSY"}}
[debug] [2021-10-16T07:58:45.506Z] [runtime-status] [42356] Functions runtime initialized. {"cwd":"/Users/limon4ikas/prod/hermes-next/functions","node_version":"14.18.0"} {"metadata":{"emulator":{"name":"functions"},"message":"[runtime-status] [42356] Functions runtime initialized. {\"cwd\":\"/Users/limon4ikas/prod/hermes-next/functions\",\"node_version\":\"14.18.0\"}"}}
[debug] [2021-10-16T07:58:45.506Z] [runtime-status] [42356] Disabled runtime features: undefined {"metadata":{"emulator":{"name":"functions"},"message":"[runtime-status] [42356] Disabled runtime features: undefined"}}
[debug] [2021-10-16T07:58:45.507Z] [runtime-status] [42356] Resolved module firebase-admin {"declared":true,"installed":true,"version":"9.12.0","resolution":"/Users/limon4ikas/prod/hermes-next/functions/node_modules/firebase-admin/lib/index.js"} {"metadata":{"emulator":{"name":"functions"},"message":"[runtime-status] [42356] Resolved module firebase-admin {\"declared\":true,\"installed\":true,\"version\":\"9.12.0\",\"resolution\":\"/Users/limon4ikas/prod/hermes-next/functions/node_modules/firebase-admin/lib/index.js\"}"}}
[debug] [2021-10-16T07:58:45.508Z] [runtime-status] [42356] Resolved module firebase-functions {"declared":true,"installed":true,"version":"3.15.7","resolution":"/Users/limon4ikas/prod/hermes-next/functions/node_modules/firebase-functions/lib/index.js"} {"metadata":{"emulator":{"name":"functions"},"message":"[runtime-status] [42356] Resolved module firebase-functions {\"declared\":true,\"installed\":true,\"version\":\"3.15.7\",\"resolution\":\"/Users/limon4ikas/prod/hermes-next/functions/node_modules/firebase-functions/lib/index.js\"}"}}
[debug] [2021-10-16T07:58:45.510Z] [runtime-status] [42356] Found local functions config: /Users/limon4ikas/prod/hermes-next/functions/.runtimeconfig.json {"metadata":{"emulator":{"name":"functions"},"message":"[runtime-status] [42356] Found local functions config: /Users/limon4ikas/prod/hermes-next/functions/.runtimeconfig.json"}}
[debug] [2021-10-16T07:58:45.510Z] [runtime-status] [42356] Resolved module firebase-functions {"declared":true,"installed":true,"version":"3.15.7","resolution":"/Users/limon4ikas/prod/hermes-next/functions/node_modules/firebase-functions/lib/index.js"} {"metadata":{"emulator":{"name":"functions"},"message":"[runtime-status] [42356] Resolved module firebase-functions {\"declared\":true,\"installed\":true,\"version\":\"3.15.7\",\"resolution\":\"/Users/limon4ikas/prod/hermes-next/functions/node_modules/firebase-functions/lib/index.js\"}"}}
[debug] [2021-10-16T07:58:45.511Z] [runtime-status] [42356] Outgoing network have been stubbed. [{"name":"http","status":"mocked"},{"name":"http","status":"mocked"},{"name":"https","status":"mocked"},{"name":"https","status":"mocked"},{"name":"net","status":"mocked"}] {"metadata":{"emulator":{"name":"functions"},"message":"[runtime-status] [42356] Outgoing network have been stubbed. [{\"name\":\"http\",\"status\":\"mocked\"},{\"name\":\"http\",\"status\":\"mocked\"},{\"name\":\"https\",\"status\":\"mocked\"},{\"name\":\"https\",\"status\":\"mocked\"},{\"name\":\"net\",\"status\":\"mocked\"}]"}}
[debug] [2021-10-16T07:58:45.511Z] [runtime-status] [42356] Resolved module firebase-functions {"declared":true,"installed":true,"version":"3.15.7","resolution":"/Users/limon4ikas/prod/hermes-next/functions/node_modules/firebase-functions/lib/index.js"} {"metadata":{"emulator":{"name":"functions"},"message":"[runtime-status] [42356] Resolved module firebase-functions {\"declared\":true,\"installed\":true,\"version\":\"3.15.7\",\"resolution\":\"/Users/limon4ikas/prod/hermes-next/functions/node_modules/firebase-functions/lib/index.js\"}"}}
[debug] [2021-10-16T07:58:45.531Z] [runtime-status] [42356] Checked functions.config() {"config":{"strava":{"client_id":"60657","client_secret":"50c1a73df5c6b619b48619e8eadb69404ee520db"}}} {"metadata":{"emulator":{"name":"functions"},"message":"[runtime-status] [42356] Checked functions.config() {\"config\":{\"strava\":{\"client_id\":\"60657\",\"client_secret\":\"50c1a73df5c6b619b48619e8eadb69404ee520db\"}}}"}}
[debug] [2021-10-16T07:58:45.531Z] [runtime-status] [42356] firebase-functions has been stubbed. {"functionsResolution":{"declared":true,"installed":true,"version":"3.15.7","resolution":"/Users/limon4ikas/prod/hermes-next/functions/node_modules/firebase-functions/lib/index.js"}} {"metadata":{"emulator":{"name":"functions"},"message":"[runtime-status] [42356] firebase-functions has been stubbed. {\"functionsResolution\":{\"declared\":true,\"installed\":true,\"version\":\"3.15.7\",\"resolution\":\"/Users/limon4ikas/prod/hermes-next/functions/node_modules/firebase-functions/lib/index.js\"}}"}}
[debug] [2021-10-16T07:58:45.531Z] [runtime-status] [42356] Resolved module firebase-functions {"declared":true,"installed":true,"version":"3.15.7","resolution":"/Users/limon4ikas/prod/hermes-next/functions/node_modules/firebase-functions/lib/index.js"} {"metadata":{"emulator":{"name":"functions"},"message":"[runtime-status] [42356] Resolved module firebase-functions {\"declared\":true,\"installed\":true,\"version\":\"3.15.7\",\"resolution\":\"/Users/limon4ikas/prod/hermes-next/functions/node_modules/firebase-functions/lib/index.js\"}"}}
[debug] [2021-10-16T07:58:45.531Z] [runtime-status] [42356] Resolved module firebase-admin {"declared":true,"installed":true,"version":"9.12.0","resolution":"/Users/limon4ikas/prod/hermes-next/functions/node_modules/firebase-admin/lib/index.js"} {"metadata":{"emulator":{"name":"functions"},"message":"[runtime-status] [42356] Resolved module firebase-admin {\"declared\":true,\"installed\":true,\"version\":\"9.12.0\",\"resolution\":\"/Users/limon4ikas/prod/hermes-next/functions/node_modules/firebase-admin/lib/index.js\"}"}}
[debug] [2021-10-16T07:58:45.531Z] [runtime-status] [42356] Resolved module firebase-functions {"declared":true,"installed":true,"version":"3.15.7","resolution":"/Users/limon4ikas/prod/hermes-next/functions/node_modules/firebase-functions/lib/index.js"} {"metadata":{"emulator":{"name":"functions"},"message":"[runtime-status] [42356] Resolved module firebase-functions {\"declared\":true,\"installed\":true,\"version\":\"3.15.7\",\"resolution\":\"/Users/limon4ikas/prod/hermes-next/functions/node_modules/firebase-functions/lib/index.js\"}"}}
[debug] [2021-10-16T07:58:45.531Z] [runtime-status] [42356] firebase-admin has been stubbed. {"adminResolution":{"declared":true,"installed":true,"version":"9.12.0","resolution":"/Users/limon4ikas/prod/hermes-next/functions/node_modules/firebase-admin/lib/index.js"}} {"metadata":{"emulator":{"name":"functions"},"message":"[runtime-status] [42356] firebase-admin has been stubbed. {\"adminResolution\":{\"declared\":true,\"installed\":true,\"version\":\"9.12.0\",\"resolution\":\"/Users/limon4ikas/prod/hermes-next/functions/node_modules/firebase-admin/lib/index.js\"}}"}}
[debug] [2021-10-16T07:58:45.532Z] [runtime-status] [42356] initializeApp(DEFAULT) {"storageBucket":"hermes-4224e.appspot.com","projectId":"hermes-4224e"} {"metadata":{"emulator":{"name":"functions"},"message":"[runtime-status] [42356] initializeApp(DEFAULT) {\"storageBucket\":\"hermes-4224e.appspot.com\",\"projectId\":\"hermes-4224e\"}"}}
[debug] [2021-10-16T07:58:45.578Z] [worker-~diagnostic~-fb363e32-d8cd-49b6-a0cf-ba461f0cb043]: IDLE {"metadata":{"emulator":{"name":"functions"},"message":"[worker-~diagnostic~-fb363e32-d8cd-49b6-a0cf-ba461f0cb043]: IDLE"}}
[debug] [2021-10-16T07:58:45.578Z] addAuthTrigger {"eventTrigger":{"resource":"projects/hermes-4224e","eventType":"providers/firebase.auth/eventTypes/user.create","service":"firebaseauth.googleapis.com"}}
[info] ✔  functions[europe-west1-onUserSignUp]: auth function initialized. {"metadata":{"emulator":{"name":"functions"},"message":"\u001b[1mauth\u001b[22m function initialized."}}
[debug] [2021-10-16T07:58:45.578Z] addAuthTrigger {"eventTrigger":{"resource":"projects/hermes-4224e","eventType":"providers/firebase.auth/eventTypes/user.delete","service":"firebaseauth.googleapis.com"}}
[info] ✔  functions[europe-west1-onUserDelete]: auth function initialized. {"metadata":{"emulator":{"name":"functions"},"message":"\u001b[1mauth\u001b[22m function initialized."}}
[info] ✔  functions[europe-west1-stravaWebhook]: http function initialized (http://localhost:5001/hermes-4224e/europe-west1/stravaWebhook). {"metadata":{"emulator":{"name":"functions"},"message":"\u001b[1mhttp\u001b[22m function initialized (http://localhost:5001/hermes-4224e/europe-west1/stravaWebhook)."}}
[info] ✔  functions[europe-west1-stravaTokens]: http function initialized (http://localhost:5001/hermes-4224e/europe-west1/stravaTokens). {"metadata":{"emulator":{"name":"functions"},"message":"\u001b[1mhttp\u001b[22m function initialized (http://localhost:5001/hermes-4224e/europe-west1/stravaTokens)."}}
[info] 
┌─────────────────────────────────────────────────────────────┐
│ ✔  All emulators ready! It is now safe to connect your app. │
│ i  View Emulator UI at http://localhost:4001                │
└─────────────────────────────────────────────────────────────┘

┌────────────────┬────────────────┬─────────────────────────────────┐
│ Emulator       │ Host:Port      │ View in Emulator UI             │
├────────────────┼────────────────┼─────────────────────────────────┤
│ Authentication │ localhost:9099 │ http://localhost:4001/auth      │
├────────────────┼────────────────┼─────────────────────────────────┤
│ Functions      │ localhost:5001 │ http://localhost:4001/functions │
├────────────────┼────────────────┼─────────────────────────────────┤
│ Firestore      │ localhost:8080 │ http://localhost:4001/firestore │
└────────────────┴────────────────┴─────────────────────────────────┘
  Emulator Hub running at localhost:4400
  Other reserved ports: 4500

Issues? Report them at https://github.com/firebase/firebase-tools/issues and attach the *-debug.log files.
 
[debug] [2021-10-16T07:59:00.888Z] Oct 16, 2021 10:59:00 AM io.gapi.emulators.netty.HttpVersionRoutingHandler channelRead
INFO: Detected non-HTTP/2 connection.
 {"metadata":{"emulator":{"name":"firestore"},"message":"Oct 16, 2021 10:59:00 AM io.gapi.emulators.netty.HttpVersionRoutingHandler channelRead\nINFO: Detected non-HTTP/2 connection.\n"}}
[debug] [2021-10-16T07:59:00.933Z] Oct 16, 2021 10:59:00 AM com.google.cloud.datastore.emulator.firestore.websocket.WebSocketChannelHandler initChannel
INFO: Connected to new websocket client
 {"metadata":{"emulator":{"name":"firestore"},"message":"Oct 16, 2021 10:59:00 AM com.google.cloud.datastore.emulator.firestore.websocket.WebSocketChannelHandler initChannel\nINFO: Connected to new websocket client\n"}}
[debug] [2021-10-16T07:59:02.021Z] Oct 16, 2021 10:59:02 AM com.google.cloud.datastore.emulator.firestore.websocket.WebSocketChannelHandler channelClosed
INFO: Websocket client disconnected
 {"metadata":{"emulator":{"name":"firestore"},"message":"Oct 16, 2021 10:59:02 AM com.google.cloud.datastore.emulator.firestore.websocket.WebSocketChannelHandler channelClosed\nINFO: Websocket client disconnected\n"}}
[debug] [2021-10-16T07:59:02.074Z] Oct 16, 2021 10:59:02 AM io.gapi.emulators.netty.HttpVersionRoutingHandler channelRead
INFO: Detected non-HTTP/2 connection.
 {"metadata":{"emulator":{"name":"firestore"},"message":"Oct 16, 2021 10:59:02 AM io.gapi.emulators.netty.HttpVersionRoutingHandler channelRead\nINFO: Detected non-HTTP/2 connection.\n"}}
[debug] [2021-10-16T07:59:02.091Z] Oct 16, 2021 10:59:02 AM com.google.cloud.datastore.emulator.firestore.websocket.WebSocketChannelHandler initChannel
INFO: Connected to new websocket client
 {"metadata":{"emulator":{"name":"firestore"},"message":"Oct 16, 2021 10:59:02 AM com.google.cloud.datastore.emulator.firestore.websocket.WebSocketChannelHandler initChannel\nINFO: Connected to new websocket client\n"}}
[debug] [2021-10-16T07:59:06.039Z] Oct 16, 2021 10:59:06 AM io.gapi.emulators.netty.HttpVersionRoutingHandler channelRead
INFO: Detected non-HTTP/2 connection.
 {"metadata":{"emulator":{"name":"firestore"},"message":"Oct 16, 2021 10:59:06 AM io.gapi.emulators.netty.HttpVersionRoutingHandler channelRead\nINFO: Detected non-HTTP/2 connection.\n"}}
[debug] [2021-10-16T07:59:06.044Z] Oct 16, 2021 10:59:06 AM com.google.cloud.datastore.emulator.firestore.websocket.WebSocketChannelHandler channelClosed
INFO: Websocket client disconnected
 {"metadata":{"emulator":{"name":"firestore"},"message":"Oct 16, 2021 10:59:06 AM com.google.cloud.datastore.emulator.firestore.websocket.WebSocketChannelHandler channelClosed\nINFO: Websocket client disconnected\n"}}
[debug] [2021-10-16T07:59:07.707Z] Oct 16, 2021 10:59:07 AM io.gapi.emulators.netty.HttpVersionRoutingHandler channelRead
INFO: Detected non-HTTP/2 connection.
 {"metadata":{"emulator":{"name":"firestore"},"message":"Oct 16, 2021 10:59:07 AM io.gapi.emulators.netty.HttpVersionRoutingHandler channelRead\nINFO: Detected non-HTTP/2 connection.\n"}}
[debug] [2021-10-16T07:59:07.722Z] Oct 16, 2021 10:59:07 AM com.google.cloud.datastore.emulator.firestore.websocket.WebSocketChannelHandler initChannel
INFO: Connected to new websocket client
 {"metadata":{"emulator":{"name":"firestore"},"message":"Oct 16, 2021 10:59:07 AM com.google.cloud.datastore.emulator.firestore.websocket.WebSocketChannelHandler initChannel\nINFO: Connected to new websocket client\n"}}
[debug] [2021-10-16T07:59:11.719Z] Oct 16, 2021 10:59:11 AM io.gapi.emulators.netty.HttpVersionRoutingHandler channelRead
INFO: Detected non-HTTP/2 connection.
 {"metadata":{"emulator":{"name":"firestore"},"message":"Oct 16, 2021 10:59:11 AM io.gapi.emulators.netty.HttpVersionRoutingHandler channelRead\nINFO: Detected non-HTTP/2 connection.\n"}}
[debug] [2021-10-16T07:59:13.192Z] Oct 16, 2021 10:59:13 AM io.gapi.emulators.netty.HttpVersionRoutingHandler channelRead
INFO: Detected non-HTTP/2 connection.
 {"metadata":{"emulator":{"name":"firestore"},"message":"Oct 16, 2021 10:59:13 AM io.gapi.emulators.netty.HttpVersionRoutingHandler channelRead\nINFO: Detected non-HTTP/2 connection.\n"}}
[debug] [2021-10-16T07:59:13.230Z] Oct 16, 2021 10:59:13 AM com.google.cloud.datastore.emulator.firestore.websocket.WebSocketChannelHandler initChannel
INFO: Connected to new websocket client
 {"metadata":{"emulator":{"name":"firestore"},"message":"Oct 16, 2021 10:59:13 AM com.google.cloud.datastore.emulator.firestore.websocket.WebSocketChannelHandler initChannel\nINFO: Connected to new websocket client\n"}}
[debug] [2021-10-16T07:59:14.245Z] Oct 16, 2021 10:59:14 AM com.google.cloud.datastore.emulator.firestore.websocket.WebSocketChannelHandler channelClosed
INFO: Websocket client disconnected
 {"metadata":{"emulator":{"name":"firestore"},"message":"Oct 16, 2021 10:59:14 AM com.google.cloud.datastore.emulator.firestore.websocket.WebSocketChannelHandler channelClosed\nINFO: Websocket client disconnected\n"}}
[debug] [2021-10-16T07:59:14.260Z] Oct 16, 2021 10:59:14 AM io.gapi.emulators.netty.HttpVersionRoutingHandler channelRead
INFO: Detected non-HTTP/2 connection.
 {"metadata":{"emulator":{"name":"firestore"},"message":"Oct 16, 2021 10:59:14 AM io.gapi.emulators.netty.HttpVersionRoutingHandler channelRead\nINFO: Detected non-HTTP/2 connection.\n"}}
[debug] [2021-10-16T07:59:16.380Z] Oct 16, 2021 10:59:16 AM io.gapi.emulators.netty.HttpVersionRoutingHandler channelRead
INFO: Detected non-HTTP/2 connection.
 {"metadata":{"emulator":{"name":"firestore"},"message":"Oct 16, 2021 10:59:16 AM io.gapi.emulators.netty.HttpVersionRoutingHandler channelRead\nINFO: Detected non-HTTP/2 connection.\n"}}
[debug] [2021-10-16T07:59:16.429Z] Oct 16, 2021 10:59:16 AM com.google.cloud.datastore.emulator.firestore.websocket.WebSocketChannelHandler initChannel
INFO: Connected to new websocket client
 {"metadata":{"emulator":{"name":"firestore"},"message":"Oct 16, 2021 10:59:16 AM com.google.cloud.datastore.emulator.firestore.websocket.WebSocketChannelHandler initChannel\nINFO: Connected to new websocket client\n"}}
[debug] [2021-10-16T07:59:17.520Z] Oct 16, 2021 10:59:17 AM com.google.cloud.datastore.emulator.firestore.websocket.WebSocketChannelHandler channelClosed
INFO: Websocket client disconnected
 {"metadata":{"emulator":{"name":"firestore"},"message":"Oct 16, 2021 10:59:17 AM com.google.cloud.datastore.emulator.firestore.websocket.WebSocketChannelHandler channelClosed\nINFO: Websocket client disconnected\n"}}
[debug] [2021-10-16T07:59:18.318Z] Oct 16, 2021 10:59:18 AM io.gapi.emulators.netty.HttpVersionRoutingHandler channelRead
INFO: Detected non-HTTP/2 connection.
 {"metadata":{"emulator":{"name":"firestore"},"message":"Oct 16, 2021 10:59:18 AM io.gapi.emulators.netty.HttpVersionRoutingHandler channelRead\nINFO: Detected non-HTTP/2 connection.\n"}}
[debug] [2021-10-16T07:59:19.344Z] Oct 16, 2021 10:59:19 AM io.gapi.emulators.netty.HttpVersionRoutingHandler channelRead
INFO: Detected non-HTTP/2 connection.
 {"metadata":{"emulator":{"name":"firestore"},"message":"Oct 16, 2021 10:59:19 AM io.gapi.emulators.netty.HttpVersionRoutingHandler channelRead\nINFO: Detected non-HTTP/2 connection.\n"}}
[debug] [2021-10-16T07:59:19.382Z] Oct 16, 2021 10:59:19 AM com.google.cloud.datastore.emulator.firestore.websocket.WebSocketChannelHandler initChannel
INFO: Connected to new websocket client
 {"metadata":{"emulator":{"name":"firestore"},"message":"Oct 16, 2021 10:59:19 AM com.google.cloud.datastore.emulator.firestore.websocket.WebSocketChannelHandler initChannel\nINFO: Connected to new websocket client\n"}}
[debug] [2021-10-16T07:59:19.450Z] Oct 16, 2021 10:59:19 AM io.gapi.emulators.netty.HttpVersionRoutingHandler channelRead
INFO: Detected non-HTTP/2 connection.
 {"metadata":{"emulator":{"name":"firestore"},"message":"Oct 16, 2021 10:59:19 AM io.gapi.emulators.netty.HttpVersionRoutingHandler channelRead\nINFO: Detected non-HTTP/2 connection.\n"}}
[debug] [2021-10-16T07:59:19.594Z] Oct 16, 2021 10:59:19 AM io.gapi.emulators.netty.HttpVersionRoutingHandler channelRead
INFO: Detected HTTP/2 connection.
 {"metadata":{"emulator":{"name":"firestore"},"message":"Oct 16, 2021 10:59:19 AM io.gapi.emulators.netty.HttpVersionRoutingHandler channelRead\nINFO: Detected HTTP/2 connection.\n"}}
[debug] [2021-10-16T07:59:20.869Z] Oct 16, 2021 10:59:20 AM com.google.cloud.datastore.emulator.firestore.websocket.WebSocketChannelHandler channelClosed
INFO: Websocket client disconnected
 {"metadata":{"emulator":{"name":"firestore"},"message":"Oct 16, 2021 10:59:20 AM com.google.cloud.datastore.emulator.firestore.websocket.WebSocketChannelHandler channelClosed\nINFO: Websocket client disconnected\n"}}
[debug] [2021-10-16T07:59:20.891Z] Oct 16, 2021 10:59:20 AM io.gapi.emulators.netty.HttpVersionRoutingHandler channelRead
INFO: Detected non-HTTP/2 connection.
 {"metadata":{"emulator":{"name":"firestore"},"message":"Oct 16, 2021 10:59:20 AM io.gapi.emulators.netty.HttpVersionRoutingHandler channelRead\nINFO: Detected non-HTTP/2 connection.\n"}}
[debug] [2021-10-16T07:59:22.932Z] Oct 16, 2021 10:59:22 AM io.gapi.emulators.netty.HttpVersionRoutingHandler channelRead
INFO: Detected non-HTTP/2 connection.
 {"metadata":{"emulator":{"name":"firestore"},"message":"Oct 16, 2021 10:59:22 AM io.gapi.emulators.netty.HttpVersionRoutingHandler channelRead\nINFO: Detected non-HTTP/2 connection.\n"}}
[debug] [2021-10-16T07:59:24.963Z] Oct 16, 2021 10:59:24 AM io.gapi.emulators.netty.HttpVersionRoutingHandler channelRead
INFO: Detected non-HTTP/2 connection.
 {"metadata":{"emulator":{"name":"firestore"},"message":"Oct 16, 2021 10:59:24 AM io.gapi.emulators.netty.HttpVersionRoutingHandler channelRead\nINFO: Detected non-HTTP/2 connection.\n"}}
[debug] [2021-10-16T07:59:43.419Z] >>> [apiv2][query] POST http://localhost:5001/functions/projects/hermes-4224e/trigger_multicast [none]
[debug] [2021-10-16T07:59:43.420Z] >>> [apiv2][body] POST http://localhost:5001/functions/projects/hermes-4224e/trigger_multicast {"eventId":"642c106d-5c16-447d-9cf9-f40220ebad88","eventType":"providers/firebase.auth/eventTypes/user.create","resource":{"name":"projects/hermes-4224e","service":"firebaseauth.googleapis.com"},"params":{},"timestamp":"2021-10-16T07:59:43.419Z","data":{"uid":"ZMmUlza6sB4O5wlVDpi83kk632cw","email":"algae.peach.963@example.com","emailVerified":true,"displayName":"Algae Peach","metadata":{"creationTime":"1634371183418","lastSignInTime":"1634371183418"},"customClaims":{},"providerData":[{"providerId":"google.com","rawId":"0875115251288230790858154540063195781542","federatedId":"0875115251288230790858154540063195781542","displayName":"Algae Peach","email":"algae.peach.963@example.com","screenName":"peach_algae"}]}}
[debug] [2021-10-16T07:59:43.427Z] [work-queue] {"queueLength":1,"workRunningCount":0}
[debug] [2021-10-16T07:59:43.427Z] [work-queue] {"queueLength":0,"workRunningCount":1}
[debug] [2021-10-16T07:59:43.428Z] Accepted multicast request POST /functions/projects/hermes-4224e/trigger_multicast --> europe-west1-onUserSignUp-0 {"metadata":{"emulator":{"name":"functions"},"message":"Accepted multicast request POST /functions/projects/hermes-4224e/trigger_multicast --> europe-west1-onUserSignUp-0"}}
[debug] [2021-10-16T07:59:43.436Z] [worker-pool] addWorker(europe-west1-onUserSignUp) {"metadata":{"emulator":{"name":"functions"},"message":"[worker-pool] addWorker(europe-west1-onUserSignUp)"}}
[debug] [2021-10-16T07:59:43.437Z] [worker-pool] Adding worker with key europe-west1-onUserSignUp, total=1 {"metadata":{"emulator":{"name":"functions"},"message":"[worker-pool] Adding worker with key europe-west1-onUserSignUp, total=1"}}
[debug] [2021-10-16T07:59:43.437Z] [worker-pool] submitWork(triggerId=europe-west1-onUserSignUp) {"metadata":{"emulator":{"name":"functions"},"message":"[worker-pool] submitWork(triggerId=europe-west1-onUserSignUp)"}}
[debug] [2021-10-16T07:59:43.437Z] [worker-europe-west1-onUserSignUp-fb0b2d1c-94da-4b9f-bd1d-3c992afdacce]: Assigning socketPath: /var/folders/sk/jmy9lw2n2q18r4q2jhsjm6840000gn/T/fire_emu_42880.sock {"metadata":{"emulator":{"name":"functions"},"message":"[worker-europe-west1-onUserSignUp-fb0b2d1c-94da-4b9f-bd1d-3c992afdacce]: Assigning socketPath: /var/folders/sk/jmy9lw2n2q18r4q2jhsjm6840000gn/T/fire_emu_42880.sock"}}
[debug] [2021-10-16T07:59:43.438Z] [worker-europe-west1-onUserSignUp-fb0b2d1c-94da-4b9f-bd1d-3c992afdacce]: BUSY {"metadata":{"emulator":{"name":"functions"},"message":"[worker-europe-west1-onUserSignUp-fb0b2d1c-94da-4b9f-bd1d-3c992afdacce]: BUSY"}}
[debug] [2021-10-16T07:59:43.444Z] <<< [apiv2][status] POST http://localhost:5001/functions/projects/hermes-4224e/trigger_multicast 200
[debug] [2021-10-16T07:59:43.444Z] <<< [apiv2][body] POST http://localhost:5001/functions/projects/hermes-4224e/trigger_multicast {"status":"multicast_acknowledged"}
[debug] [2021-10-16T07:59:43.587Z] [runtime-status] [42880] Functions runtime initialized. {"cwd":"/Users/limon4ikas/prod/hermes-next/functions","node_version":"14.18.0"} {"metadata":{"emulator":{"name":"functions"},"function":{"name":"europe-west1-onUserSignUp"},"message":"[runtime-status] [42880] Functions runtime initialized. {\"cwd\":\"/Users/limon4ikas/prod/hermes-next/functions\",\"node_version\":\"14.18.0\"}"}}
[debug] [2021-10-16T07:59:43.587Z] [runtime-status] [42880] Disabled runtime features: undefined {"metadata":{"emulator":{"name":"functions"},"function":{"name":"europe-west1-onUserSignUp"},"message":"[runtime-status] [42880] Disabled runtime features: undefined"}}
[debug] [2021-10-16T07:59:43.588Z] [runtime-status] [42880] Resolved module firebase-admin {"declared":true,"installed":true,"version":"9.12.0","resolution":"/Users/limon4ikas/prod/hermes-next/functions/node_modules/firebase-admin/lib/index.js"} {"metadata":{"emulator":{"name":"functions"},"function":{"name":"europe-west1-onUserSignUp"},"message":"[runtime-status] [42880] Resolved module firebase-admin {\"declared\":true,\"installed\":true,\"version\":\"9.12.0\",\"resolution\":\"/Users/limon4ikas/prod/hermes-next/functions/node_modules/firebase-admin/lib/index.js\"}"}}
[debug] [2021-10-16T07:59:43.589Z] [runtime-status] [42880] Resolved module firebase-functions {"declared":true,"installed":true,"version":"3.15.7","resolution":"/Users/limon4ikas/prod/hermes-next/functions/node_modules/firebase-functions/lib/index.js"} {"metadata":{"emulator":{"name":"functions"},"function":{"name":"europe-west1-onUserSignUp"},"message":"[runtime-status] [42880] Resolved module firebase-functions {\"declared\":true,\"installed\":true,\"version\":\"3.15.7\",\"resolution\":\"/Users/limon4ikas/prod/hermes-next/functions/node_modules/firebase-functions/lib/index.js\"}"}}
[debug] [2021-10-16T07:59:43.590Z] [runtime-status] [42880] Found local functions config: /Users/limon4ikas/prod/hermes-next/functions/.runtimeconfig.json {"metadata":{"emulator":{"name":"functions"},"function":{"name":"europe-west1-onUserSignUp"},"message":"[runtime-status] [42880] Found local functions config: /Users/limon4ikas/prod/hermes-next/functions/.runtimeconfig.json"}}
[debug] [2021-10-16T07:59:43.590Z] [runtime-status] [42880] Resolved module firebase-functions {"declared":true,"installed":true,"version":"3.15.7","resolution":"/Users/limon4ikas/prod/hermes-next/functions/node_modules/firebase-functions/lib/index.js"} {"metadata":{"emulator":{"name":"functions"},"function":{"name":"europe-west1-onUserSignUp"},"message":"[runtime-status] [42880] Resolved module firebase-functions {\"declared\":true,\"installed\":true,\"version\":\"3.15.7\",\"resolution\":\"/Users/limon4ikas/prod/hermes-next/functions/node_modules/firebase-functions/lib/index.js\"}"}}
[debug] [2021-10-16T07:59:43.591Z] [runtime-status] [42880] Outgoing network have been stubbed. [{"name":"http","status":"mocked"},{"name":"http","status":"mocked"},{"name":"https","status":"mocked"},{"name":"https","status":"mocked"},{"name":"net","status":"mocked"}] {"metadata":{"emulator":{"name":"functions"},"function":{"name":"europe-west1-onUserSignUp"},"message":"[runtime-status] [42880] Outgoing network have been stubbed. [{\"name\":\"http\",\"status\":\"mocked\"},{\"name\":\"http\",\"status\":\"mocked\"},{\"name\":\"https\",\"status\":\"mocked\"},{\"name\":\"https\",\"status\":\"mocked\"},{\"name\":\"net\",\"status\":\"mocked\"}]"}}
[debug] [2021-10-16T07:59:43.591Z] [runtime-status] [42880] Resolved module firebase-functions {"declared":true,"installed":true,"version":"3.15.7","resolution":"/Users/limon4ikas/prod/hermes-next/functions/node_modules/firebase-functions/lib/index.js"} {"metadata":{"emulator":{"name":"functions"},"function":{"name":"europe-west1-onUserSignUp"},"message":"[runtime-status] [42880] Resolved module firebase-functions {\"declared\":true,\"installed\":true,\"version\":\"3.15.7\",\"resolution\":\"/Users/limon4ikas/prod/hermes-next/functions/node_modules/firebase-functions/lib/index.js\"}"}}
[debug] [2021-10-16T07:59:43.606Z] [runtime-status] [42880] Checked functions.config() {"config":{"strava":{"client_id":"60657","client_secret":"50c1a73df5c6b619b48619e8eadb69404ee520db"}}} {"metadata":{"emulator":{"name":"functions"},"function":{"name":"europe-west1-onUserSignUp"},"message":"[runtime-status] [42880] Checked functions.config() {\"config\":{\"strava\":{\"client_id\":\"60657\",\"client_secret\":\"50c1a73df5c6b619b48619e8eadb69404ee520db\"}}}"}}
[debug] [2021-10-16T07:59:43.606Z] [runtime-status] [42880] firebase-functions has been stubbed. {"functionsResolution":{"declared":true,"installed":true,"version":"3.15.7","resolution":"/Users/limon4ikas/prod/hermes-next/functions/node_modules/firebase-functions/lib/index.js"}} {"metadata":{"emulator":{"name":"functions"},"function":{"name":"europe-west1-onUserSignUp"},"message":"[runtime-status] [42880] firebase-functions has been stubbed. {\"functionsResolution\":{\"declared\":true,\"installed\":true,\"version\":\"3.15.7\",\"resolution\":\"/Users/limon4ikas/prod/hermes-next/functions/node_modules/firebase-functions/lib/index.js\"}}"}}
[debug] [2021-10-16T07:59:43.606Z] [runtime-status] [42880] Resolved module firebase-functions {"declared":true,"installed":true,"version":"3.15.7","resolution":"/Users/limon4ikas/prod/hermes-next/functions/node_modules/firebase-functions/lib/index.js"} {"metadata":{"emulator":{"name":"functions"},"function":{"name":"europe-west1-onUserSignUp"},"message":"[runtime-status] [42880] Resolved module firebase-functions {\"declared\":true,\"installed\":true,\"version\":\"3.15.7\",\"resolution\":\"/Users/limon4ikas/prod/hermes-next/functions/node_modules/firebase-functions/lib/index.js\"}"}}
[debug] [2021-10-16T07:59:43.606Z] [runtime-status] [42880] Resolved module firebase-admin {"declared":true,"installed":true,"version":"9.12.0","resolution":"/Users/limon4ikas/prod/hermes-next/functions/node_modules/firebase-admin/lib/index.js"} {"metadata":{"emulator":{"name":"functions"},"function":{"name":"europe-west1-onUserSignUp"},"message":"[runtime-status] [42880] Resolved module firebase-admin {\"declared\":true,\"installed\":true,\"version\":\"9.12.0\",\"resolution\":\"/Users/limon4ikas/prod/hermes-next/functions/node_modules/firebase-admin/lib/index.js\"}"}}
[debug] [2021-10-16T07:59:43.606Z] [runtime-status] [42880] Resolved module firebase-functions {"declared":true,"installed":true,"version":"3.15.7","resolution":"/Users/limon4ikas/prod/hermes-next/functions/node_modules/firebase-functions/lib/index.js"} {"metadata":{"emulator":{"name":"functions"},"function":{"name":"europe-west1-onUserSignUp"},"message":"[runtime-status] [42880] Resolved module firebase-functions {\"declared\":true,\"installed\":true,\"version\":\"3.15.7\",\"resolution\":\"/Users/limon4ikas/prod/hermes-next/functions/node_modules/firebase-functions/lib/index.js\"}"}}
[debug] [2021-10-16T07:59:43.606Z] [runtime-status] [42880] firebase-admin has been stubbed. {"adminResolution":{"declared":true,"installed":true,"version":"9.12.0","resolution":"/Users/limon4ikas/prod/hermes-next/functions/node_modules/firebase-admin/lib/index.js"}} {"metadata":{"emulator":{"name":"functions"},"function":{"name":"europe-west1-onUserSignUp"},"message":"[runtime-status] [42880] firebase-admin has been stubbed. {\"adminResolution\":{\"declared\":true,\"installed\":true,\"version\":\"9.12.0\",\"resolution\":\"/Users/limon4ikas/prod/hermes-next/functions/node_modules/firebase-admin/lib/index.js\"}}"}}
[debug] [2021-10-16T07:59:43.607Z] [runtime-status] [42880] initializeApp(DEFAULT) {"storageBucket":"hermes-4224e.appspot.com","projectId":"hermes-4224e"} {"metadata":{"emulator":{"name":"functions"},"function":{"name":"europe-west1-onUserSignUp"},"message":"[runtime-status] [42880] initializeApp(DEFAULT) {\"storageBucket\":\"hermes-4224e.appspot.com\",\"projectId\":\"hermes-4224e\"}"}}
[debug] [2021-10-16T07:59:43.637Z] [runtime-status] [42880] Trigger "europe-west1-onUserSignUp" has been found, beginning invocation! {"metadata":{"emulator":{"name":"functions"},"function":{"name":"europe-west1-onUserSignUp"},"message":"[runtime-status] [42880] Trigger \"europe-west1-onUserSignUp\" has been found, beginning invocation!"}}
[info] i  functions: Beginning execution of "europe-west1-onUserSignUp" {"metadata":{"emulator":{"name":"functions"},"function":{"name":"europe-west1-onUserSignUp"},"message":"Beginning execution of \"europe-west1-onUserSignUp\""}}
[debug] [2021-10-16T07:59:43.638Z] [runtime-status] [42880] triggerDefinition {"regions":["europe-west1"],"eventTrigger":{"resource":"projects/hermes-4224e","eventType":"providers/firebase.auth/eventTypes/user.create","service":"firebaseauth.googleapis.com"},"name":"onUserSignUp","entryPoint":"onUserSignUp","region":"europe-west1","id":"europe-west1-onUserSignUp"} {"metadata":{"emulator":{"name":"functions"},"function":{"name":"europe-west1-onUserSignUp"},"message":"[runtime-status] [42880] triggerDefinition {\"regions\":[\"europe-west1\"],\"eventTrigger\":{\"resource\":\"projects/hermes-4224e\",\"eventType\":\"providers/firebase.auth/eventTypes/user.create\",\"service\":\"firebaseauth.googleapis.com\"},\"name\":\"onUserSignUp\",\"entryPoint\":\"onUserSignUp\",\"region\":\"europe-west1\",\"id\":\"europe-west1-onUserSignUp\"}"}}
[debug] [2021-10-16T07:59:43.638Z] [runtime-status] [42880] Running europe-west1-onUserSignUp in mode BACKGROUND {"metadata":{"emulator":{"name":"functions"},"function":{"name":"europe-west1-onUserSignUp"},"message":"[runtime-status] [42880] Running europe-west1-onUserSignUp in mode BACKGROUND"}}
[debug] [2021-10-16T07:59:43.638Z] [runtime-status] [42880] ProcessBackground {"eventId":"642c106d-5c16-447d-9cf9-f40220ebad88","eventType":"providers/firebase.auth/eventTypes/user.create","resource":{"name":"projects/hermes-4224e","service":"firebaseauth.googleapis.com"},"params":{},"timestamp":"2021-10-16T07:59:43.419Z","data":{"uid":"ZMmUlza6sB4O5wlVDpi83kk632cw","email":"algae.peach.963@example.com","emailVerified":true,"displayName":"Algae Peach","metadata":{"creationTime":"1634371183418","lastSignInTime":"1634371183418"},"customClaims":{},"providerData":[{"providerId":"google.com","rawId":"0875115251288230790858154540063195781542","federatedId":"0875115251288230790858154540063195781542","displayName":"Algae Peach","email":"algae.peach.963@example.com","screenName":"peach_algae"}]}} {"metadata":{"emulator":{"name":"functions"},"function":{"name":"europe-west1-onUserSignUp"},"message":"[runtime-status] [42880] ProcessBackground {\"eventId\":\"642c106d-5c16-447d-9cf9-f40220ebad88\",\"eventType\":\"providers/firebase.auth/eventTypes/user.create\",\"resource\":{\"name\":\"projects/hermes-4224e\",\"service\":\"firebaseauth.googleapis.com\"},\"params\":{},\"timestamp\":\"2021-10-16T07:59:43.419Z\",\"data\":{\"uid\":\"ZMmUlza6sB4O5wlVDpi83kk632cw\",\"email\":\"algae.peach.963@example.com\",\"emailVerified\":true,\"displayName\":\"Algae Peach\",\"metadata\":{\"creationTime\":\"1634371183418\",\"lastSignInTime\":\"1634371183418\"},\"customClaims\":{},\"providerData\":[{\"providerId\":\"google.com\",\"rawId\":\"0875115251288230790858154540063195781542\",\"federatedId\":\"0875115251288230790858154540063195781542\",\"displayName\":\"Algae Peach\",\"email\":\"algae.peach.963@example.com\",\"screenName\":\"peach_algae\"}]}}"}}
[debug] [2021-10-16T07:59:43.638Z] [runtime-status] [42880] ProcessBackground: lifting resource.name from resource {"name":"projects/hermes-4224e","service":"firebaseauth.googleapis.com"} {"metadata":{"emulator":{"name":"functions"},"function":{"name":"europe-west1-onUserSignUp"},"message":"[runtime-status] [42880] ProcessBackground: lifting resource.name from resource {\"name\":\"projects/hermes-4224e\",\"service\":\"firebaseauth.googleapis.com\"}"}}
[debug] [2021-10-16T07:59:43.638Z] [runtime-status] [42880] RunBackground {"data":{"uid":"ZMmUlza6sB4O5wlVDpi83kk632cw","email":"algae.peach.963@example.com","emailVerified":true,"displayName":"Algae Peach","metadata":{"creationTime":"1634371183418","lastSignInTime":"1634371183418"},"customClaims":{},"providerData":[{"providerId":"google.com","rawId":"0875115251288230790858154540063195781542","federatedId":"0875115251288230790858154540063195781542","displayName":"Algae Peach","email":"algae.peach.963@example.com","screenName":"peach_algae"}]},"context":{"eventId":"642c106d-5c16-447d-9cf9-f40220ebad88","eventType":"providers/firebase.auth/eventTypes/user.create","resource":"projects/hermes-4224e","params":{},"timestamp":"2021-10-16T07:59:43.419Z"}} {"metadata":{"emulator":{"name":"functions"},"function":{"name":"europe-west1-onUserSignUp"},"message":"[runtime-status] [42880] RunBackground {\"data\":{\"uid\":\"ZMmUlza6sB4O5wlVDpi83kk632cw\",\"email\":\"algae.peach.963@example.com\",\"emailVerified\":true,\"displayName\":\"Algae Peach\",\"metadata\":{\"creationTime\":\"1634371183418\",\"lastSignInTime\":\"1634371183418\"},\"customClaims\":{},\"providerData\":[{\"providerId\":\"google.com\",\"rawId\":\"0875115251288230790858154540063195781542\",\"federatedId\":\"0875115251288230790858154540063195781542\",\"displayName\":\"Algae Peach\",\"email\":\"algae.peach.963@example.com\",\"screenName\":\"peach_algae\"}]},\"context\":{\"eventId\":\"642c106d-5c16-447d-9cf9-f40220ebad88\",\"eventType\":\"providers/firebase.auth/eventTypes/user.create\",\"resource\":\"projects/hermes-4224e\",\"params\":{},\"timestamp\":\"2021-10-16T07:59:43.419Z\"}}"}}
[debug] [2021-10-16T07:59:43.848Z] Oct 16, 2021 10:59:43 AM io.gapi.emulators.netty.HttpVersionRoutingHandler channelRead
INFO: Detected HTTP/2 connection.
 {"metadata":{"emulator":{"name":"firestore"},"message":"Oct 16, 2021 10:59:43 AM io.gapi.emulators.netty.HttpVersionRoutingHandler channelRead\nINFO: Detected HTTP/2 connection.\n"}}
[debug] [2021-10-16T07:59:44.038Z] [runtime-status] [42880] Ephemeral server survived. {"metadata":{"emulator":{"name":"functions"},"function":{"name":"europe-west1-onUserSignUp"},"message":"[runtime-status] [42880] Ephemeral server survived."}}
[info] i  functions: Finished "europe-west1-onUserSignUp" in ~1s {"metadata":{"emulator":{"name":"functions"},"function":{"name":"europe-west1-onUserSignUp"},"message":"Finished \"europe-west1-onUserSignUp\" in ~1s"}}
[debug] [2021-10-16T07:59:44.038Z] [worker-europe-west1-onUserSignUp-fb0b2d1c-94da-4b9f-bd1d-3c992afdacce]: IDLE {"metadata":{"emulator":{"name":"functions"},"message":"[worker-europe-west1-onUserSignUp-fb0b2d1c-94da-4b9f-bd1d-3c992afdacce]: IDLE"}}
[debug] [2021-10-16T07:59:44.038Z] [work-queue] {"queueLength":0,"workRunningCount":0}
[debug] [2021-10-16T08:00:00.581Z] [work-queue] {"queueLength":1,"workRunningCount":0}
[debug] [2021-10-16T08:00:00.582Z] [work-queue] {"queueLength":0,"workRunningCount":1}
[debug] [2021-10-16T08:00:00.582Z] Accepted request POST /hermes-4224e/europe-west1/stravaTokens --> europe-west1-stravaTokens
[debug] [2021-10-16T08:00:00.587Z] [worker-pool] addWorker(europe-west1-stravaTokens) {"metadata":{"emulator":{"name":"functions"},"message":"[worker-pool] addWorker(europe-west1-stravaTokens)"}}
[debug] [2021-10-16T08:00:00.588Z] [worker-pool] Adding worker with key europe-west1-stravaTokens, total=1 {"metadata":{"emulator":{"name":"functions"},"message":"[worker-pool] Adding worker with key europe-west1-stravaTokens, total=1"}}
[debug] [2021-10-16T08:00:00.588Z] [worker-pool] submitWork(triggerId=europe-west1-stravaTokens) {"metadata":{"emulator":{"name":"functions"},"message":"[worker-pool] submitWork(triggerId=europe-west1-stravaTokens)"}}
[debug] [2021-10-16T08:00:00.590Z] [worker-europe-west1-stravaTokens-3522725c-90f2-4fe3-b6ad-d2558860d008]: Assigning socketPath: /var/folders/sk/jmy9lw2n2q18r4q2jhsjm6840000gn/T/fire_emu_42896.sock {"metadata":{"emulator":{"name":"functions"},"message":"[worker-europe-west1-stravaTokens-3522725c-90f2-4fe3-b6ad-d2558860d008]: Assigning socketPath: /var/folders/sk/jmy9lw2n2q18r4q2jhsjm6840000gn/T/fire_emu_42896.sock"}}
[debug] [2021-10-16T08:00:00.590Z] [worker-europe-west1-stravaTokens-3522725c-90f2-4fe3-b6ad-d2558860d008]: BUSY {"metadata":{"emulator":{"name":"functions"},"message":"[worker-europe-west1-stravaTokens-3522725c-90f2-4fe3-b6ad-d2558860d008]: BUSY"}}
[debug] [2021-10-16T08:00:00.706Z] [runtime-status] [42896] Functions runtime initialized. {"cwd":"/Users/limon4ikas/prod/hermes-next/functions","node_version":"14.18.0"} {"metadata":{"emulator":{"name":"functions"},"function":{"name":"europe-west1-stravaTokens"},"message":"[runtime-status] [42896] Functions runtime initialized. {\"cwd\":\"/Users/limon4ikas/prod/hermes-next/functions\",\"node_version\":\"14.18.0\"}"}}
[debug] [2021-10-16T08:00:00.707Z] [runtime-status] [42896] Disabled runtime features: undefined {"metadata":{"emulator":{"name":"functions"},"function":{"name":"europe-west1-stravaTokens"},"message":"[runtime-status] [42896] Disabled runtime features: undefined"}}
[debug] [2021-10-16T08:00:00.708Z] [runtime-status] [42896] Resolved module firebase-admin {"declared":true,"installed":true,"version":"9.12.0","resolution":"/Users/limon4ikas/prod/hermes-next/functions/node_modules/firebase-admin/lib/index.js"} {"metadata":{"emulator":{"name":"functions"},"function":{"name":"europe-west1-stravaTokens"},"message":"[runtime-status] [42896] Resolved module firebase-admin {\"declared\":true,\"installed\":true,\"version\":\"9.12.0\",\"resolution\":\"/Users/limon4ikas/prod/hermes-next/functions/node_modules/firebase-admin/lib/index.js\"}"}}
[debug] [2021-10-16T08:00:00.709Z] [runtime-status] [42896] Resolved module firebase-functions {"declared":true,"installed":true,"version":"3.15.7","resolution":"/Users/limon4ikas/prod/hermes-next/functions/node_modules/firebase-functions/lib/index.js"} {"metadata":{"emulator":{"name":"functions"},"function":{"name":"europe-west1-stravaTokens"},"message":"[runtime-status] [42896] Resolved module firebase-functions {\"declared\":true,\"installed\":true,\"version\":\"3.15.7\",\"resolution\":\"/Users/limon4ikas/prod/hermes-next/functions/node_modules/firebase-functions/lib/index.js\"}"}}
[debug] [2021-10-16T08:00:00.710Z] [runtime-status] [42896] Found local functions config: /Users/limon4ikas/prod/hermes-next/functions/.runtimeconfig.json {"metadata":{"emulator":{"name":"functions"},"function":{"name":"europe-west1-stravaTokens"},"message":"[runtime-status] [42896] Found local functions config: /Users/limon4ikas/prod/hermes-next/functions/.runtimeconfig.json"}}
[debug] [2021-10-16T08:00:00.710Z] [runtime-status] [42896] Resolved module firebase-functions {"declared":true,"installed":true,"version":"3.15.7","resolution":"/Users/limon4ikas/prod/hermes-next/functions/node_modules/firebase-functions/lib/index.js"} {"metadata":{"emulator":{"name":"functions"},"function":{"name":"europe-west1-stravaTokens"},"message":"[runtime-status] [42896] Resolved module firebase-functions {\"declared\":true,\"installed\":true,\"version\":\"3.15.7\",\"resolution\":\"/Users/limon4ikas/prod/hermes-next/functions/node_modules/firebase-functions/lib/index.js\"}"}}
[debug] [2021-10-16T08:00:00.711Z] [runtime-status] [42896] Outgoing network have been stubbed. [{"name":"http","status":"mocked"},{"name":"http","status":"mocked"},{"name":"https","status":"mocked"},{"name":"https","status":"mocked"},{"name":"net","status":"mocked"}] {"metadata":{"emulator":{"name":"functions"},"function":{"name":"europe-west1-stravaTokens"},"message":"[runtime-status] [42896] Outgoing network have been stubbed. [{\"name\":\"http\",\"status\":\"mocked\"},{\"name\":\"http\",\"status\":\"mocked\"},{\"name\":\"https\",\"status\":\"mocked\"},{\"name\":\"https\",\"status\":\"mocked\"},{\"name\":\"net\",\"status\":\"mocked\"}]"}}
[debug] [2021-10-16T08:00:00.711Z] [runtime-status] [42896] Resolved module firebase-functions {"declared":true,"installed":true,"version":"3.15.7","resolution":"/Users/limon4ikas/prod/hermes-next/functions/node_modules/firebase-functions/lib/index.js"} {"metadata":{"emulator":{"name":"functions"},"function":{"name":"europe-west1-stravaTokens"},"message":"[runtime-status] [42896] Resolved module firebase-functions {\"declared\":true,\"installed\":true,\"version\":\"3.15.7\",\"resolution\":\"/Users/limon4ikas/prod/hermes-next/functions/node_modules/firebase-functions/lib/index.js\"}"}}
[debug] [2021-10-16T08:00:00.723Z] [runtime-status] [42896] Checked functions.config() {"config":{"strava":{"client_id":"60657","client_secret":"50c1a73df5c6b619b48619e8eadb69404ee520db"}}} {"metadata":{"emulator":{"name":"functions"},"function":{"name":"europe-west1-stravaTokens"},"message":"[runtime-status] [42896] Checked functions.config() {\"config\":{\"strava\":{\"client_id\":\"60657\",\"client_secret\":\"50c1a73df5c6b619b48619e8eadb69404ee520db\"}}}"}}
[debug] [2021-10-16T08:00:00.723Z] [runtime-status] [42896] firebase-functions has been stubbed. {"functionsResolution":{"declared":true,"installed":true,"version":"3.15.7","resolution":"/Users/limon4ikas/prod/hermes-next/functions/node_modules/firebase-functions/lib/index.js"}} {"metadata":{"emulator":{"name":"functions"},"function":{"name":"europe-west1-stravaTokens"},"message":"[runtime-status] [42896] firebase-functions has been stubbed. {\"functionsResolution\":{\"declared\":true,\"installed\":true,\"version\":\"3.15.7\",\"resolution\":\"/Users/limon4ikas/prod/hermes-next/functions/node_modules/firebase-functions/lib/index.js\"}}"}}
[debug] [2021-10-16T08:00:00.723Z] [runtime-status] [42896] Resolved module firebase-functions {"declared":true,"installed":true,"version":"3.15.7","resolution":"/Users/limon4ikas/prod/hermes-next/functions/node_modules/firebase-functions/lib/index.js"} {"metadata":{"emulator":{"name":"functions"},"function":{"name":"europe-west1-stravaTokens"},"message":"[runtime-status] [42896] Resolved module firebase-functions {\"declared\":true,\"installed\":true,\"version\":\"3.15.7\",\"resolution\":\"/Users/limon4ikas/prod/hermes-next/functions/node_modules/firebase-functions/lib/index.js\"}"}}
[debug] [2021-10-16T08:00:00.723Z] [runtime-status] [42896] Resolved module firebase-admin {"declared":true,"installed":true,"version":"9.12.0","resolution":"/Users/limon4ikas/prod/hermes-next/functions/node_modules/firebase-admin/lib/index.js"} {"metadata":{"emulator":{"name":"functions"},"function":{"name":"europe-west1-stravaTokens"},"message":"[runtime-status] [42896] Resolved module firebase-admin {\"declared\":true,\"installed\":true,\"version\":\"9.12.0\",\"resolution\":\"/Users/limon4ikas/prod/hermes-next/functions/node_modules/firebase-admin/lib/index.js\"}"}}
[debug] [2021-10-16T08:00:00.724Z] [runtime-status] [42896] Resolved module firebase-functions {"declared":true,"installed":true,"version":"3.15.7","resolution":"/Users/limon4ikas/prod/hermes-next/functions/node_modules/firebase-functions/lib/index.js"} {"metadata":{"emulator":{"name":"functions"},"function":{"name":"europe-west1-stravaTokens"},"message":"[runtime-status] [42896] Resolved module firebase-functions {\"declared\":true,\"installed\":true,\"version\":\"3.15.7\",\"resolution\":\"/Users/limon4ikas/prod/hermes-next/functions/node_modules/firebase-functions/lib/index.js\"}"}}
[debug] [2021-10-16T08:00:00.724Z] [runtime-status] [42896] firebase-admin has been stubbed. {"adminResolution":{"declared":true,"installed":true,"version":"9.12.0","resolution":"/Users/limon4ikas/prod/hermes-next/functions/node_modules/firebase-admin/lib/index.js"}} {"metadata":{"emulator":{"name":"functions"},"function":{"name":"europe-west1-stravaTokens"},"message":"[runtime-status] [42896] firebase-admin has been stubbed. {\"adminResolution\":{\"declared\":true,\"installed\":true,\"version\":\"9.12.0\",\"resolution\":\"/Users/limon4ikas/prod/hermes-next/functions/node_modules/firebase-admin/lib/index.js\"}}"}}
[debug] [2021-10-16T08:00:00.724Z] [runtime-status] [42896] initializeApp(DEFAULT) {"storageBucket":"hermes-4224e.appspot.com","projectId":"hermes-4224e"} {"metadata":{"emulator":{"name":"functions"},"function":{"name":"europe-west1-stravaTokens"},"message":"[runtime-status] [42896] initializeApp(DEFAULT) {\"storageBucket\":\"hermes-4224e.appspot.com\",\"projectId\":\"hermes-4224e\"}"}}
[debug] [2021-10-16T08:00:00.750Z] [runtime-status] [42896] Trigger "europe-west1-stravaTokens" has been found, beginning invocation! {"metadata":{"emulator":{"name":"functions"},"function":{"name":"europe-west1-stravaTokens"},"message":"[runtime-status] [42896] Trigger \"europe-west1-stravaTokens\" has been found, beginning invocation!"}}
[info] i  functions: Beginning execution of "europe-west1-stravaTokens" {"metadata":{"emulator":{"name":"functions"},"function":{"name":"europe-west1-stravaTokens"},"message":"Beginning execution of \"europe-west1-stravaTokens\""}}
[debug] [2021-10-16T08:00:00.750Z] [runtime-status] [42896] triggerDefinition {"regions":["europe-west1"],"httpsTrigger":{},"name":"stravaTokens","entryPoint":"stravaTokens","region":"europe-west1","id":"europe-west1-stravaTokens"} {"metadata":{"emulator":{"name":"functions"},"function":{"name":"europe-west1-stravaTokens"},"message":"[runtime-status] [42896] triggerDefinition {\"regions\":[\"europe-west1\"],\"httpsTrigger\":{},\"name\":\"stravaTokens\",\"entryPoint\":\"stravaTokens\",\"region\":\"europe-west1\",\"id\":\"europe-west1-stravaTokens\"}"}}
[debug] [2021-10-16T08:00:00.750Z] [runtime-status] [42896] Running europe-west1-stravaTokens in mode HTTPS {"metadata":{"emulator":{"name":"functions"},"function":{"name":"europe-west1-stravaTokens"},"message":"[runtime-status] [42896] Running europe-west1-stravaTokens in mode HTTPS"}}
[debug] [2021-10-16T08:00:00.751Z] [runtime-status] [42896] Attempting to listen to socketPath: /var/folders/sk/jmy9lw2n2q18r4q2jhsjm6840000gn/T/fire_emu_42896.sock {"metadata":{"emulator":{"name":"functions"},"function":{"name":"europe-west1-stravaTokens"},"message":"[runtime-status] [42896] Attempting to listen to socketPath: /var/folders/sk/jmy9lw2n2q18r4q2jhsjm6840000gn/T/fire_emu_42896.sock"}}
[debug] [2021-10-16T08:00:00.752Z] [functions] Runtime ready! Sending request! {"metadata":{"emulator":{"name":"functions"},"message":"[functions] Runtime ready! Sending request!"}}
[debug] [2021-10-16T08:00:00.752Z] [functions] Got req.url=/hermes-4224e/europe-west1/stravaTokens, mapping to path=/ {"metadata":{"emulator":{"name":"functions"},"message":"[functions] Got req.url=/hermes-4224e/europe-west1/stravaTokens, mapping to path=/"}}
[debug] [2021-10-16T08:00:00.759Z] [runtime-status] [42896] Ephemeral server handling POST request {"metadata":{"emulator":{"name":"functions"},"function":{"name":"europe-west1-stravaTokens"},"message":"[runtime-status] [42896] Ephemeral server handling POST request"}}
[debug] [2021-10-16T08:00:00.820Z] [runtime-status] [42896] Ephemeral server survived. {"metadata":{"emulator":{"name":"functions"},"function":{"name":"europe-west1-stravaTokens"},"message":"[runtime-status] [42896] Ephemeral server survived."}}
[debug] [2021-10-16T08:00:01.534Z] Oct 16, 2021 11:00:01 AM io.gapi.emulators.netty.HttpVersionRoutingHandler channelRead
INFO: Detected HTTP/2 connection.
 {"metadata":{"emulator":{"name":"firestore"},"message":"Oct 16, 2021 11:00:01 AM io.gapi.emulators.netty.HttpVersionRoutingHandler channelRead\nINFO: Detected HTTP/2 connection.\n"}}
[info] i  functions: Finished "europe-west1-stravaTokens" in ~2s {"metadata":{"emulator":{"name":"functions"},"function":{"name":"europe-west1-stravaTokens"},"message":"Finished \"europe-west1-stravaTokens\" in ~2s"}}
[debug] [2021-10-16T08:00:02.971Z] [worker-europe-west1-stravaTokens-3522725c-90f2-4fe3-b6ad-d2558860d008]: IDLE {"metadata":{"emulator":{"name":"functions"},"message":"[worker-europe-west1-stravaTokens-3522725c-90f2-4fe3-b6ad-d2558860d008]: IDLE"}}
[debug] [2021-10-16T08:00:02.972Z] [work-queue] {"queueLength":0,"workRunningCount":0}
[debug] [2021-10-16T08:00:12.569Z] Oct 16, 2021 11:00:12 AM io.gapi.emulators.netty.HttpVersionRoutingHandler channelRead
INFO: Detected non-HTTP/2 connection.
 {"metadata":{"emulator":{"name":"firestore"},"message":"Oct 16, 2021 11:00:12 AM io.gapi.emulators.netty.HttpVersionRoutingHandler channelRead\nINFO: Detected non-HTTP/2 connection.\n"}}
[debug] [2021-10-16T08:00:14.787Z] Oct 16, 2021 11:00:14 AM io.gapi.emulators.netty.HttpVersionRoutingHandler channelRead
INFO: Detected non-HTTP/2 connection.
 {"metadata":{"emulator":{"name":"firestore"},"message":"Oct 16, 2021 11:00:14 AM io.gapi.emulators.netty.HttpVersionRoutingHandler channelRead\nINFO: Detected non-HTTP/2 connection.\n"}}
[debug] [2021-10-16T08:00:14.934Z] Oct 16, 2021 11:00:14 AM io.gapi.emulators.netty.HttpVersionRoutingHandler channelRead
INFO: Detected non-HTTP/2 connection.
 {"metadata":{"emulator":{"name":"firestore"},"message":"Oct 16, 2021 11:00:14 AM io.gapi.emulators.netty.HttpVersionRoutingHandler channelRead\nINFO: Detected non-HTTP/2 connection.\n"}}
[debug] [2021-10-16T08:00:15.125Z] Oct 16, 2021 11:00:15 AM io.gapi.emulators.netty.HttpVersionRoutingHandler channelRead
INFO: Detected non-HTTP/2 connection.
 {"metadata":{"emulator":{"name":"firestore"},"message":"Oct 16, 2021 11:00:15 AM io.gapi.emulators.netty.HttpVersionRoutingHandler channelRead\nINFO: Detected non-HTTP/2 connection.\n"}}
[debug] [2021-10-16T08:00:15.262Z] Oct 16, 2021 11:00:15 AM io.gapi.emulators.netty.HttpVersionRoutingHandler channelRead
INFO: Detected non-HTTP/2 connection.
 {"metadata":{"emulator":{"name":"firestore"},"message":"Oct 16, 2021 11:00:15 AM io.gapi.emulators.netty.HttpVersionRoutingHandler channelRead\nINFO: Detected non-HTTP/2 connection.\n"}}
[debug] [2021-10-16T08:00:16.890Z] Oct 16, 2021 11:00:16 AM io.gapi.emulators.netty.HttpVersionRoutingHandler channelRead
INFO: Detected non-HTTP/2 connection.
 {"metadata":{"emulator":{"name":"firestore"},"message":"Oct 16, 2021 11:00:16 AM io.gapi.emulators.netty.HttpVersionRoutingHandler channelRead\nINFO: Detected non-HTTP/2 connection.\n"}}
[debug] [2021-10-16T08:00:18.945Z] Oct 16, 2021 11:00:18 AM io.gapi.emulators.netty.HttpVersionRoutingHandler channelRead
INFO: Detected non-HTTP/2 connection.
 {"metadata":{"emulator":{"name":"firestore"},"message":"Oct 16, 2021 11:00:18 AM io.gapi.emulators.netty.HttpVersionRoutingHandler channelRead\nINFO: Detected non-HTTP/2 connection.\n"}}
[debug] [2021-10-16T08:00:19.524Z] Oct 16, 2021 11:00:19 AM io.gapi.emulators.netty.HttpVersionRoutingHandler channelRead
INFO: Detected non-HTTP/2 connection.
 {"metadata":{"emulator":{"name":"firestore"},"message":"Oct 16, 2021 11:00:19 AM io.gapi.emulators.netty.HttpVersionRoutingHandler channelRead\nINFO: Detected non-HTTP/2 connection.\n"}}
[debug] [2021-10-16T08:00:19.769Z] Oct 16, 2021 11:00:19 AM io.gapi.emulators.netty.HttpVersionRoutingHandler channelRead
INFO: Detected non-HTTP/2 connection.
 {"metadata":{"emulator":{"name":"firestore"},"message":"Oct 16, 2021 11:00:19 AM io.gapi.emulators.netty.HttpVersionRoutingHandler channelRead\nINFO: Detected non-HTTP/2 connection.\n"}}
[debug] [2021-10-16T08:00:20.998Z] Oct 16, 2021 11:00:20 AM io.gapi.emulators.netty.HttpVersionRoutingHandler channelRead
INFO: Detected non-HTTP/2 connection.
 {"metadata":{"emulator":{"name":"firestore"},"message":"Oct 16, 2021 11:00:20 AM io.gapi.emulators.netty.HttpVersionRoutingHandler channelRead\nINFO: Detected non-HTTP/2 connection.\n"}}
[debug] [2021-10-16T08:00:21.630Z] Oct 16, 2021 11:00:21 AM io.gapi.emulators.netty.HttpVersionRoutingHandler channelRead
INFO: Detected non-HTTP/2 connection.
 {"metadata":{"emulator":{"name":"firestore"},"message":"Oct 16, 2021 11:00:21 AM io.gapi.emulators.netty.HttpVersionRoutingHandler channelRead\nINFO: Detected non-HTTP/2 connection.\n"}}
[debug] [2021-10-16T08:00:23.027Z] Oct 16, 2021 11:00:23 AM io.gapi.emulators.netty.HttpVersionRoutingHandler channelRead
INFO: Detected non-HTTP/2 connection.
 {"metadata":{"emulator":{"name":"firestore"},"message":"Oct 16, 2021 11:00:23 AM io.gapi.emulators.netty.HttpVersionRoutingHandler channelRead\nINFO: Detected non-HTTP/2 connection.\n"}}
[debug] [2021-10-16T08:00:23.288Z] Oct 16, 2021 11:00:23 AM io.gapi.emulators.netty.HttpVersionRoutingHandler channelRead
INFO: Detected non-HTTP/2 connection.
 {"metadata":{"emulator":{"name":"firestore"},"message":"Oct 16, 2021 11:00:23 AM io.gapi.emulators.netty.HttpVersionRoutingHandler channelRead\nINFO: Detected non-HTTP/2 connection.\n"}}
[debug] [2021-10-16T08:00:25.076Z] Oct 16, 2021 11:00:25 AM io.gapi.emulators.netty.HttpVersionRoutingHandler channelRead
INFO: Detected non-HTTP/2 connection.
 {"metadata":{"emulator":{"name":"firestore"},"message":"Oct 16, 2021 11:00:25 AM io.gapi.emulators.netty.HttpVersionRoutingHandler channelRead\nINFO: Detected non-HTTP/2 connection.\n"}}
[debug] [2021-10-16T08:00:25.903Z] Oct 16, 2021 11:00:25 AM io.gapi.emulators.netty.HttpVersionRoutingHandler channelRead
INFO: Detected non-HTTP/2 connection.
 {"metadata":{"emulator":{"name":"firestore"},"message":"Oct 16, 2021 11:00:25 AM io.gapi.emulators.netty.HttpVersionRoutingHandler channelRead\nINFO: Detected non-HTTP/2 connection.\n"}}
[debug] [2021-10-16T08:00:27.136Z] Oct 16, 2021 11:00:27 AM io.gapi.emulators.netty.HttpVersionRoutingHandler channelRead
INFO: Detected non-HTTP/2 connection.
 {"metadata":{"emulator":{"name":"firestore"},"message":"Oct 16, 2021 11:00:27 AM io.gapi.emulators.netty.HttpVersionRoutingHandler channelRead\nINFO: Detected non-HTTP/2 connection.\n"}}
[debug] [2021-10-16T08:00:29.200Z] Oct 16, 2021 11:00:29 AM io.gapi.emulators.netty.HttpVersionRoutingHandler channelRead
INFO: Detected non-HTTP/2 connection.
 {"metadata":{"emulator":{"name":"firestore"},"message":"Oct 16, 2021 11:00:29 AM io.gapi.emulators.netty.HttpVersionRoutingHandler channelRead\nINFO: Detected non-HTTP/2 connection.\n"}}
[debug] [2021-10-16T08:00:31.240Z] Oct 16, 2021 11:00:31 AM io.gapi.emulators.netty.HttpVersionRoutingHandler channelRead
INFO: Detected non-HTTP/2 connection.
 {"metadata":{"emulator":{"name":"firestore"},"message":"Oct 16, 2021 11:00:31 AM io.gapi.emulators.netty.HttpVersionRoutingHandler channelRead\nINFO: Detected non-HTTP/2 connection.\n"}}
[debug] [2021-10-16T08:00:33.268Z] Oct 16, 2021 11:00:33 AM io.gapi.emulators.netty.HttpVersionRoutingHandler channelRead
INFO: Detected non-HTTP/2 connection.
 {"metadata":{"emulator":{"name":"firestore"},"message":"Oct 16, 2021 11:00:33 AM io.gapi.emulators.netty.HttpVersionRoutingHandler channelRead\nINFO: Detected non-HTTP/2 connection.\n"}}
[debug] [2021-10-16T08:00:35.304Z] Oct 16, 2021 11:00:35 AM io.gapi.emulators.netty.HttpVersionRoutingHandler channelRead
INFO: Detected non-HTTP/2 connection.
 {"metadata":{"emulator":{"name":"firestore"},"message":"Oct 16, 2021 11:00:35 AM io.gapi.emulators.netty.HttpVersionRoutingHandler channelRead\nINFO: Detected non-HTTP/2 connection.\n"}}
[debug] [2021-10-16T08:00:37.339Z] Oct 16, 2021 11:00:37 AM io.gapi.emulators.netty.HttpVersionRoutingHandler channelRead
INFO: Detected non-HTTP/2 connection.
 {"metadata":{"emulator":{"name":"firestore"},"message":"Oct 16, 2021 11:00:37 AM io.gapi.emulators.netty.HttpVersionRoutingHandler channelRead\nINFO: Detected non-HTTP/2 connection.\n"}}
[debug] [2021-10-16T08:00:39.364Z] Oct 16, 2021 11:00:39 AM io.gapi.emulators.netty.HttpVersionRoutingHandler channelRead
INFO: Detected non-HTTP/2 connection.
 {"metadata":{"emulator":{"name":"firestore"},"message":"Oct 16, 2021 11:00:39 AM io.gapi.emulators.netty.HttpVersionRoutingHandler channelRead\nINFO: Detected non-HTTP/2 connection.\n"}}
[debug] [2021-10-16T08:00:41.396Z] Oct 16, 2021 11:00:41 AM io.gapi.emulators.netty.HttpVersionRoutingHandler channelRead
INFO: Detected non-HTTP/2 connection.
 {"metadata":{"emulator":{"name":"firestore"},"message":"Oct 16, 2021 11:00:41 AM io.gapi.emulators.netty.HttpVersionRoutingHandler channelRead\nINFO: Detected non-HTTP/2 connection.\n"}}
[debug] [2021-10-16T08:00:43.447Z] Oct 16, 2021 11:00:43 AM io.gapi.emulators.netty.HttpVersionRoutingHandler channelRead
INFO: Detected non-HTTP/2 connection.
 {"metadata":{"emulator":{"name":"firestore"},"message":"Oct 16, 2021 11:00:43 AM io.gapi.emulators.netty.HttpVersionRoutingHandler channelRead\nINFO: Detected non-HTTP/2 connection.\n"}}
[debug] [2021-10-16T08:00:44.944Z] Oct 16, 2021 11:00:44 AM io.gapi.emulators.netty.HttpVersionRoutingHandler channelRead
INFO: Detected non-HTTP/2 connection.
 {"metadata":{"emulator":{"name":"firestore"},"message":"Oct 16, 2021 11:00:44 AM io.gapi.emulators.netty.HttpVersionRoutingHandler channelRead\nINFO: Detected non-HTTP/2 connection.\n"}}
[debug] [2021-10-16T08:00:44.987Z] Oct 16, 2021 11:00:44 AM com.google.cloud.datastore.emulator.firestore.webchannel.FirestoreV1WebChannelAdapter$FirestoreListenHandler onClose
INFO: channel closed
 {"metadata":{"emulator":{"name":"firestore"},"message":"Oct 16, 2021 11:00:44 AM com.google.cloud.datastore.emulator.firestore.webchannel.FirestoreV1WebChannelAdapter$FirestoreListenHandler onClose\nINFO: channel closed\n"}}
[debug] [2021-10-16T08:00:45.500Z] Oct 16, 2021 11:00:45 AM io.gapi.emulators.netty.HttpVersionRoutingHandler channelRead
INFO: Detected non-HTTP/2 connection.
 {"metadata":{"emulator":{"name":"firestore"},"message":"Oct 16, 2021 11:00:45 AM io.gapi.emulators.netty.HttpVersionRoutingHandler channelRead\nINFO: Detected non-HTTP/2 connection.\n"}}
[debug] [2021-10-16T08:00:47.533Z] Oct 16, 2021 11:00:47 AM io.gapi.emulators.netty.HttpVersionRoutingHandler channelRead
INFO: Detected non-HTTP/2 connection.
 {"metadata":{"emulator":{"name":"firestore"},"message":"Oct 16, 2021 11:00:47 AM io.gapi.emulators.netty.HttpVersionRoutingHandler channelRead\nINFO: Detected non-HTTP/2 connection.\n"}}
[debug] [2021-10-16T08:00:47.636Z] Oct 16, 2021 11:00:47 AM com.google.cloud.datastore.emulator.firestore.websocket.WebSocketChannelHandler channelClosed
INFO: Websocket client disconnected
 {"metadata":{"emulator":{"name":"firestore"},"message":"Oct 16, 2021 11:00:47 AM com.google.cloud.datastore.emulator.firestore.websocket.WebSocketChannelHandler channelClosed\nINFO: Websocket client disconnected\n"}}
